\BOOKMARK [1][-]{section.1}{\376\377\000I\000n\000t\000r\000o\000d\000u\000c\000t\000i\000o\000n}{}% 1
\BOOKMARK [1][-]{section.2}{\376\377\000R\000e\000l\000a\000t\000e\000d\000\040\000W\000o\000r\000k\000\040\000a\000n\000d\000\040\000C\000o\000m\000p\000a\000r\000a\000t\000i\000v\000e\000\040\000S\000t\000u\000d\000y}{}% 2
\BOOKMARK [1][-]{section.3}{\376\377\000N\000a\000v\000i\000g\000a\000t\000i\000n\000g\000\040\000O\000u\000r\000\040\000S\000S\000D\000\040\000S\000i\000m\000u\000l\000a\000t\000o\000r\000:\000\040\000F\000e\000a\000t\000u\000r\000e\000s\000,\000\040\000A\000r\000c\000h\000i\000t\000e\000c\000t\000u\000r\000e\000,\000\040\000a\000n\000d\000\040\000F\000u\000n\000c\000t\000i\000o\000n\000a\000l\000i\000t\000y}{}% 3
\BOOKMARK [2][-]{subsection.3.1}{\376\377\000C\000o\000m\000p\000r\000e\000h\000e\000n\000s\000i\000v\000e\000\040\000F\000i\000r\000m\000w\000a\000r\000e\000\040\000S\000i\000m\000u\000l\000a\000t\000i\000o\000n}{section.3}% 4
\BOOKMARK [3][-]{subsubsection.3.1.1}{\376\377\000S\000S\000D\000\040\000S\000e\000t\000u\000p\000\040\000a\000n\000d\000\040\000H\000o\000s\000t\000\040\000I\000n\000t\000e\000r\000f\000a\000c\000e\000\040\000L\000a\000y\000e\000r}{subsection.3.1}% 5
\BOOKMARK [3][-]{subsubsection.3.1.2}{\376\377\000F\000l\000a\000s\000h\000\040\000T\000r\000a\000n\000s\000l\000a\000t\000i\000o\000n\000\040\000L\000a\000y\000e\000r}{subsection.3.1}% 6
\BOOKMARK [3][-]{subsubsection.3.1.3}{\376\377\000P\000a\000g\000e\000\040\000A\000l\000l\000o\000c\000a\000t\000i\000o\000n\000\040\000S\000c\000h\000e\000m\000e\000s}{subsection.3.1}% 7
\BOOKMARK [1][-]{section.4}{\376\377\000F\000u\000l\000l\000\040\000S\000y\000s\000t\000e\000m\000\040\000E\000v\000a\000l\000u\000a\000t\000i\000o\000n}{}% 8
\BOOKMARK [2][-]{subsection.4.1}{\376\377\000V\000i\000s\000u\000a\000l\000\040\000I\000n\000t\000e\000r\000p\000r\000e\000t\000a\000t\000i\000o\000n\000\040\000G\000u\000i\000d\000a\000n\000c\000e}{section.4}% 9
\BOOKMARK [2][-]{subsection.4.2}{\376\377\000C\000o\000m\000p\000a\000r\000i\000s\000o\000n\000\040\000o\000f\000\040\000D\000a\000t\000a\000\040\000P\000l\000a\000c\000e\000m\000e\000n\000t\000\040\000f\000o\000r\000\040\000D\000i\000f\000f\000e\000r\000e\000n\000t\000\040\000W\000o\000r\000k\000l\000o\000a\000d\000s}{section.4}% 10
\BOOKMARK [2][-]{subsection.4.3}{\376\377\000I\000m\000p\000a\000c\000t\000\040\000o\000f\000\040\000O\000P\000S\000\040\000o\000n\000\040\000W\000A\000F\000\040\000f\000o\000r\000\040\000V\000a\000r\000i\000o\000u\000s\000\040\000W\000o\000r\000k\000l\000o\000a\000d\000s}{section.4}% 11
\BOOKMARK [1][-]{section.5}{\376\377\000A\000n\000a\000l\000y\000s\000i\000s\000\040\000o\000f\000\040\000t\000h\000e\000\040\000S\000i\000m\000u\000l\000a\000t\000i\000o\000n\000\040\000R\000e\000s\000u\000l\000t\000s}{}% 12
\BOOKMARK [2][-]{subsection.5.1}{\376\377\000A\000n\000a\000l\000y\000s\000i\000s\000\040\000o\000f\000\040\000R\000e\000l\000a\000t\000i\000o\000n\000s\000h\000i\000p\000\040\000b\000e\000t\000w\000e\000e\000n\000\040\000W\000A\000F\000\040\000a\000n\000d\000\040\000I\000n\000v\000a\000l\000i\000d\000\040\000P\000a\000g\000e\000\040\000D\000i\000s\000t\000r\000i\000b\000u\000t\000i\000o\000n}{section.5}% 13
\BOOKMARK [2][-]{subsection.5.2}{\376\377\000A\000n\000a\000l\000y\000z\000i\000n\000g\000\040\000W\000e\000a\000r\000-\000l\000e\000v\000e\000l\000i\000n\000g\000\040\000f\000o\000r\000\040\000V\000a\000r\000i\000o\000u\000s\000\040\000W\000o\000r\000k\000l\000o\000a\000d\000s}{section.5}% 14
\BOOKMARK [2][-]{subsection.5.3}{\376\377\000F\000o\000u\000r\000i\000e\000r\000\040\000T\000r\000a\000n\000s\000f\000o\000r\000m\000\040\000I\000n\000s\000i\000g\000h\000t\000s\000:\000\040\000W\000e\000a\000r\000\040\000L\000e\000v\000e\000l\000i\000n\000g\000\040\000P\000e\000r\000f\000o\000r\000m\000a\000n\000c\000e\000\040\000C\000o\000m\000p\000a\000r\000i\000s\000o\000n\000\040\000b\000e\000t\000w\000e\000e\000n\000\040\000D\000i\000f\000f\000e\000r\000e\000n\000t\000\040\000A\000l\000l\000o\000c\000a\000t\000i\000o\000n\000\040\000S\000c\000h\000e\000m\000e\000s}{section.5}% 15
\BOOKMARK [2][-]{subsection.5.4}{\376\377\000R\000e\000a\000l\000-\000W\000o\000r\000l\000d\000\040\000W\000o\000r\000k\000l\000o\000a\000d\000\040\000A\000n\000a\000l\000y\000s\000i\000s\000:\000\040\000W\000A\000F\000\040\000a\000n\000d\000\040\000I\000n\000v\000a\000l\000i\000d\000\040\000P\000a\000g\000e\000\040\000D\000i\000s\000t\000r\000i\000b\000u\000t\000i\000o\000n}{section.5}% 16
\BOOKMARK [2][-]{subsection.5.5}{\376\377\000W\000O\000R\000K\000L\000O\000A\000D\000\040\000C\000H\000A\000R\000A\000C\000T\000E\000R\000I\000Z\000A\000T\000I\000O\000N\000\040\000A\000N\000D\000\040\000M\000A\000P\000P\000I\000N\000G}{section.5}% 17
\BOOKMARK [2][-]{subsection.5.6}{\376\377\000L\000e\000s\000s\000o\000n\000s\000\040\000L\000e\000a\000r\000n\000e\000d\000\040\000a\000n\000d\000\040\000K\000e\000y\000\040\000I\000n\000s\000i\000g\000h\000t\000s}{section.5}% 18
\BOOKMARK [1][-]{section.6}{\376\377\000P\000e\000r\000f\000o\000r\000m\000a\000n\000c\000e\000\040\000V\000a\000l\000i\000d\000a\000t\000i\000o\000n}{}% 19
\BOOKMARK [1][-]{section.7}{\376\377\000D\000I\000S\000C\000U\000S\000S\000I\000O\000N\000\040\000A\000N\000D\000\040\000I\000M\000P\000L\000I\000C\000A\000T\000I\000O\000N}{}% 20
\BOOKMARK [1][-]{section.8}{\376\377\000S\000u\000r\000v\000e\000y\000\040\000R\000e\000s\000u\000l\000t}{}% 21
\BOOKMARK [1][-]{section.9}{\376\377\000C\000O\000N\000C\000L\000U\000S\000I\000O\000N}{}% 22
\BOOKMARK [1][-]{section*.21}{\376\377\000R\000E\000F\000E\000R\000E\000N\000C\000E\000S}{}% 23
\BOOKMARK [2][-]{section*.22}{\376\377\000H\000a\000b\000i\000b\000u\000r\000\040\000R\000a\000h\000m\000a\000n}{section*.21}% 24
\BOOKMARK [2][-]{section*.22}{\376\377\000O\000m\000a\000r\000\040\000F\000a\000r\000o\000q\000u\000e}{section*.21}% 25
\BOOKMARK [2][-]{section*.22}{\376\377\000C\000H\000O\000I\000\040\000M\000O\000O\000N\000\040\000S\000E\000O\000K}{section*.21}% 26
\BOOKMARK [2][-]{section*.22}{\376\377\000J\000a\000e\000h\000o\000\040\000K\000i\000m}{section*.21}% 27
