This is pdfTeX, Version 3.141592653-2.6-1.40.25 (TeX Live 2023/Debian) (preloaded format=pdflatex 2026.1.16)  29 JAN 2026 22:37
entering extended mode
 restricted \write18 enabled.
 file:line:error style messages enabled.
 %&-line parsing enabled.
**"/home/bithabib/Downloads/Overleaf Projects (1 items)/Revise-EyanaSSDSim/access"
(/home/bithabib/Downloads/Overleaf Projects (1 items)/Revise-EyanaSSDSim/access.tex
LaTeX2e <2023-11-01> patch level 1
L3 programming layer <2024-01-22>
(./ieeeaccess.cls (./IEEEtran.cls
Document Class: IEEEtran 2015/08/26 V1.8b by Michael Shell
-- See the "IEEEtran_HOWTO" manual for usage information.
-- http://www.michaelshell.org/tex/ieeetran/
\@IEEEtrantmpdimenA=\dimen140
\@IEEEtrantmpdimenB=\dimen141
\@IEEEtrantmpdimenC=\dimen142
\@IEEEtrantmpcountA=\count187
\@IEEEtrantmpcountB=\count188
\@IEEEtrantmpcountC=\count189
\@IEEEtrantmptoksA=\toks17
LaTeX Font Info:    Trying to load font information for OT1+ptm on input line 503.
(/usr/share/texlive/texmf-dist/tex/latex/psnfss/ot1ptm.fd
File: ot1ptm.fd 2001/06/04 font definitions for OT1/ptm.
)
-- Using 8.5in x 11in (letter) paper.
-- Using PDF output.
\@IEEEnormalsizeunitybaselineskip=\dimen143
-- This is a 10 point document.
\CLASSINFOnormalsizebaselineskip=\dimen144
\CLASSINFOnormalsizeunitybaselineskip=\dimen145
\IEEEnormaljot=\dimen146
LaTeX Font Info:    Font shape `OT1/ptm/bx/n' in size <5> not available
(Font)              Font shape `OT1/ptm/b/n' tried instead on input line 1090.
LaTeX Font Info:    Font shape `OT1/ptm/bx/it' in size <5> not available
(Font)              Font shape `OT1/ptm/b/it' tried instead on input line 1090.
LaTeX Font Info:    Font shape `OT1/ptm/bx/n' in size <7> not available
(Font)              Font shape `OT1/ptm/b/n' tried instead on input line 1090.
LaTeX Font Info:    Font shape `OT1/ptm/bx/it' in size <7> not available
(Font)              Font shape `OT1/ptm/b/it' tried instead on input line 1090.
LaTeX Font Info:    Font shape `OT1/ptm/bx/n' in size <8> not available
(Font)              Font shape `OT1/ptm/b/n' tried instead on input line 1090.
LaTeX Font Info:    Font shape `OT1/ptm/bx/it' in size <8> not available
(Font)              Font shape `OT1/ptm/b/it' tried instead on input line 1090.
LaTeX Font Info:    Font shape `OT1/ptm/bx/n' in size <9> not available
(Font)              Font shape `OT1/ptm/b/n' tried instead on input line 1090.
LaTeX Font Info:    Font shape `OT1/ptm/bx/it' in size <9> not available
(Font)              Font shape `OT1/ptm/b/it' tried instead on input line 1090.
LaTeX Font Info:    Font shape `OT1/ptm/bx/n' in size <10> not available
(Font)              Font shape `OT1/ptm/b/n' tried instead on input line 1090.
LaTeX Font Info:    Font shape `OT1/ptm/bx/it' in size <10> not available
(Font)              Font shape `OT1/ptm/b/it' tried instead on input line 1090.
LaTeX Font Info:    Font shape `OT1/ptm/bx/n' in size <11> not available
(Font)              Font shape `OT1/ptm/b/n' tried instead on input line 1090.
LaTeX Font Info:    Font shape `OT1/ptm/bx/it' in size <11> not available
(Font)              Font shape `OT1/ptm/b/it' tried instead on input line 1090.
LaTeX Font Info:    Font shape `OT1/ptm/bx/n' in size <12> not available
(Font)              Font shape `OT1/ptm/b/n' tried instead on input line 1090.
LaTeX Font Info:    Font shape `OT1/ptm/bx/it' in size <12> not available
(Font)              Font shape `OT1/ptm/b/it' tried instead on input line 1090.
LaTeX Font Info:    Font shape `OT1/ptm/bx/n' in size <17> not available
(Font)              Font shape `OT1/ptm/b/n' tried instead on input line 1090.
LaTeX Font Info:    Font shape `OT1/ptm/bx/it' in size <17> not available
(Font)              Font shape `OT1/ptm/b/it' tried instead on input line 1090.
LaTeX Font Info:    Font shape `OT1/ptm/bx/n' in size <20> not available
(Font)              Font shape `OT1/ptm/b/n' tried instead on input line 1090.
LaTeX Font Info:    Font shape `OT1/ptm/bx/it' in size <20> not available
(Font)              Font shape `OT1/ptm/b/it' tried instead on input line 1090.
LaTeX Font Info:    Font shape `OT1/ptm/bx/n' in size <24> not available
(Font)              Font shape `OT1/ptm/b/n' tried instead on input line 1090.
LaTeX Font Info:    Font shape `OT1/ptm/bx/it' in size <24> not available
(Font)              Font shape `OT1/ptm/b/it' tried instead on input line 1090.
\IEEEquantizedlength=\dimen147
\IEEEquantizedlengthdiff=\dimen148
\IEEEquantizedtextheightdiff=\dimen149
\IEEEilabelindentA=\dimen150
\IEEEilabelindentB=\dimen151
\IEEEilabelindent=\dimen152
\IEEEelabelindent=\dimen153
\IEEEdlabelindent=\dimen154
\IEEElabelindent=\dimen155
\IEEEiednormlabelsep=\dimen156
\IEEEiedmathlabelsep=\dimen157
\IEEEiedtopsep=\skip48
\c@section=\count190
\c@subsection=\count191
\c@subsubsection=\count192
\c@paragraph=\count193
\c@IEEEsubequation=\count194
\abovecaptionskip=\skip49
\belowcaptionskip=\skip50
\c@figure=\count195
\c@table=\count196
\@IEEEeqnnumcols=\count197
\@IEEEeqncolcnt=\count198
\@IEEEsubeqnnumrollback=\count199
\@IEEEquantizeheightA=\dimen158
\@IEEEquantizeheightB=\dimen159
\@IEEEquantizeheightC=\dimen160
\@IEEEquantizeprevdepth=\dimen161
\@IEEEquantizemultiple=\count266
\@IEEEquantizeboxA=\box51
\@IEEEtmpitemindent=\dimen162
\IEEEPARstartletwidth=\dimen163
\c@IEEEbiography=\count267
\@IEEEtranrubishbin=\box52
) (/usr/share/texlive/texmf-dist/tex/generic/iftex/ifpdf.sty
Package: ifpdf 2019/10/25 v3.4 ifpdf legacy package. Use iftex instead.
 (/usr/share/texlive/texmf-dist/tex/generic/iftex/iftex.sty
Package: iftex 2022/02/03 v1.0f TeX engine tests
)) (/usr/share/texlive/texmf-dist/tex/latex/xkeyval/xkeyval.sty
Package: xkeyval 2022/06/16 v2.9 package option processing (HA)
 (/usr/share/texlive/texmf-dist/tex/generic/xkeyval/xkeyval.tex (/usr/share/texlive/texmf-dist/tex/generic/xkeyval/xkvutils.tex
\XKV@toks=\toks18
\XKV@tempa@toks=\toks19
 (/usr/share/texlive/texmf-dist/tex/generic/xkeyval/keyval.tex))
\XKV@depth=\count268
File: xkeyval.tex 2014/12/03 v2.7a key=value parser (HA)
)){/var/lib/texmf/fonts/map/pdftex/updmap/pdftex.map}

pdfTeX warning: pdflatex (file t1-times.map): cannot open font map file


pdfTeX warning: pdflatex (file t1-formata.map): cannot open font map file


pdfTeX warning: pdflatex (file t1-giovannistd.map): cannot open font map file
\@draftversionrule=\dimen164
(/usr/share/texlive/texmf-dist/tex/latex/graphics/color.sty
Package: color 2022/01/06 v1.3d Standard LaTeX Color (DPC)
 (/usr/share/texlive/texmf-dist/tex/latex/graphics-cfg/color.cfg
File: color.cfg 2016/01/02 v1.6 sample color configuration
)
Package color Info: Driver file: pdftex.def on input line 149.
 (/usr/share/texlive/texmf-dist/tex/latex/graphics-def/pdftex.def
File: pdftex.def 2022/09/22 v1.2b Graphics/color driver for pdftex
) (/usr/share/texlive/texmf-dist/tex/latex/graphics/mathcolor.ltx)) (/usr/share/texlive/texmf-dist/tex/latex/spotcolor/spotcolor.sty
Package: spotcolor 2006/11/15 v1.2 Package for adding Spot Color support to pdfLaTeX.
 (/usr/share/texlive/texmf-dist/tex/latex/graphics/graphics.sty
Package: graphics 2022/03/10 v1.4e Standard LaTeX Graphics (DPC,SPQR)
 (/usr/share/texlive/texmf-dist/tex/latex/graphics/trig.sty
Package: trig 2021/08/11 v1.11 sin cos tan (DPC)
) (/usr/share/texlive/texmf-dist/tex/latex/graphics-cfg/graphics.cfg
File: graphics.cfg 2016/06/04 v1.11 sample graphics configuration
)
Package graphics Info: Driver file: pdftex.def on input line 107.
)
\thecolorprofile=\count269
\thecolor=\count270
)
\PANTONE=\toks20
Package color Info: Redefining color black on input line 133.
\figbox=\box53
\titlewidth=\skip51
\abstractwidth=\skip52
\c@addrCtr=\count271
\abstractbox=\box54
\indexbox=\box55
\absht=\dimen165
\kwdht=\dimen166
\@tempcntc=\count272
\titlepgskip=\skip53
\maketitlebox=\box56
) (./packages.tex (/usr/share/texlive/texmf-dist/tex/latex/cite/cite.sty
LaTeX Info: Redefining \cite on input line 302.
LaTeX Info: Redefining \nocite on input line 332.
Package: cite 2015/02/27  v 5.5
) (/usr/share/texlive/texmf-dist/tex/latex/base/fontenc.sty
Package: fontenc 2021/04/29 v2.0v Standard LaTeX package
LaTeX Font Info:    Trying to load font information for T1+ptm on input line 112.
 (/usr/share/texlive/texmf-dist/tex/latex/psnfss/t1ptm.fd
File: t1ptm.fd 2001/06/04 font definitions for T1/ptm.
)) (/usr/share/texlive/texmf-dist/tex/latex/newtx/newtxtext.sty
Package: newtxtext 2024/01/11 v1.737(Michael Sharpe) latex and unicode latex support for TeXGyreTermesX
 `newtxtext' v1.737, 2024/01/11 Text macros taking advantage of TeXGyre Termes and its extensions (msharpe) (/usr/share/texlive/texmf-dist/tex/latex/xpatch/xpatch.sty (/usr/share/texlive/texmf-dist/tex/latex/l3kernel/expl3.sty
Package: expl3 2024-01-22 L3 programming layer (loader) 
 (/usr/share/texlive/texmf-dist/tex/latex/l3backend/l3backend-pdftex.def
File: l3backend-pdftex.def 2024-01-04 L3 backend support: PDF output (pdfTeX)
\l__color_backend_stack_int=\count273
\l__pdf_internal_box=\box57
))
Package: xpatch 2020/03/25 v0.3a Extending etoolbox patching commands
 (/usr/share/texlive/texmf-dist/tex/latex/l3packages/xparse/xparse.sty
Package: xparse 2023-10-10 L3 Experimental document command parser
) (/usr/share/texlive/texmf-dist/tex/latex/etoolbox/etoolbox.sty
Package: etoolbox 2020/10/05 v2.5k e-TeX tools for LaTeX (JAW)
\etb@tempcnta=\count274
)) (/usr/share/texlive/texmf-dist/tex/latex/xcolor/xcolor.sty
Package: xcolor 2023/11/15 v3.01 LaTeX color extensions (UK)
 (/usr/share/texlive/texmf-dist/tex/latex/graphics-cfg/color.cfg
File: color.cfg 2016/01/02 v1.6 sample color configuration
)
Package xcolor Info: Driver file: pdftex.def on input line 274.
LaTeX Info: Redefining \color on input line 758.
 (/usr/share/texlive/texmf-dist/tex/latex/graphics/mathcolor.ltx)
Package xcolor Info: Model `cmy' substituted by `cmy0' on input line 1350.
Package xcolor Info: Model `hsb' substituted by `rgb' on input line 1354.
Package xcolor Info: Model `RGB' extended on input line 1366.
Package xcolor Info: Model `HTML' substituted by `rgb' on input line 1368.
Package xcolor Info: Model `Hsb' substituted by `hsb' on input line 1369.
Package xcolor Info: Model `tHsb' substituted by `hsb' on input line 1370.
Package xcolor Info: Model `HSB' substituted by `hsb' on input line 1371.
Package xcolor Info: Model `Gray' substituted by `gray' on input line 1372.
Package xcolor Info: Model `wave' substituted by `hsb' on input line 1373.
) (/usr/share/texlive/texmf-dist/tex/latex/base/textcomp.sty
Package: textcomp 2020/02/02 v2.0n Standard LaTeX package
) (/usr/share/texlive/texmf-dist/tex/generic/xstring/xstring.sty (/usr/share/texlive/texmf-dist/tex/generic/xstring/xstring.tex
\xs_counta=\count275
\xs_countb=\count276
)
Package: xstring 2023/08/22 v1.86 String manipulations (CT)
) (/usr/share/texlive/texmf-dist/tex/latex/base/ifthen.sty
Package: ifthen 2022/04/13 v1.1d Standard LaTeX ifthen package (DPC)
) (/usr/share/texlive/texmf-dist/tex/latex/carlisle/scalefnt.sty)
LaTeX Font Info:    Setting ntxLF sub-encoding to TS1/0 on input line 24.
LaTeX Font Info:    Setting ntxTLF sub-encoding to TS1/0 on input line 24.
LaTeX Font Info:    Setting ntxOsF sub-encoding to TS1/0 on input line 24.
LaTeX Font Info:    Setting ntxTOsF sub-encoding to TS1/0 on input line 24.
 (/usr/share/texlive/texmf-dist/tex/generic/kastrup/binhex.tex)
\ntx@tmpcnta=\count277
\ntx@cnt=\count278
 (/usr/share/texlive/texmf-dist/tex/latex/fontaxes/fontaxes.sty
Package: fontaxes 2020/07/21 v1.0e Font selection axes
LaTeX Info: Redefining \upshape on input line 29.
LaTeX Info: Redefining \itshape on input line 31.
LaTeX Info: Redefining \slshape on input line 33.
LaTeX Info: Redefining \swshape on input line 35.
LaTeX Info: Redefining \scshape on input line 37.
LaTeX Info: Redefining \sscshape on input line 39.
LaTeX Info: Redefining \ulcshape on input line 41.
LaTeX Info: Redefining \textsw on input line 47.
LaTeX Info: Redefining \textssc on input line 48.
LaTeX Info: Redefining \textulc on input line 49.
)
\tx@sixem=\dimen167
\tx@y=\dimen168
\tx@x=\dimen169
\tx@tmpdima=\dimen170
\tx@tmpdimb=\dimen171
\tx@tmpdimc=\dimen172
\tx@tmpdimd=\dimen173
\tx@tmpdime=\dimen174
\tx@tmpdimf=\dimen175
\tx@dimA=\dimen176
\tx@dimAA=\dimen177
\tx@dimB=\dimen178
\tx@dimBB=\dimen179
\tx@dimC=\dimen180
LaTeX Info: Redefining \oldstylenums on input line 893.
) (/usr/share/texlive/texmf-dist/tex/latex/newtx/newtxmath.sty
Package: newtxmath 2023/11/05 v1.732
 `newtxmath' v1.732, 2023/11/05 Math macros based originally on txfonts (msharpe) (/usr/share/texlive/texmf-dist/tex/latex/amsmath/amsmath.sty
Package: amsmath 2023/05/13 v2.17o AMS math features
\@mathmargin=\skip54

For additional information on amsmath, use the `?' option.
(/usr/share/texlive/texmf-dist/tex/latex/amsmath/amstext.sty
Package: amstext 2021/08/26 v2.01 AMS text
 (/usr/share/texlive/texmf-dist/tex/latex/amsmath/amsgen.sty
File: amsgen.sty 1999/11/30 v2.0 generic functions
\@emptytoks=\toks21
\ex@=\dimen181
)) (/usr/share/texlive/texmf-dist/tex/latex/amsmath/amsbsy.sty
Package: amsbsy 1999/11/29 v1.2d Bold Symbols
\pmbraise@=\dimen182
) (/usr/share/texlive/texmf-dist/tex/latex/amsmath/amsopn.sty
Package: amsopn 2022/04/08 v2.04 operator names
)
\inf@bad=\count279
LaTeX Info: Redefining \frac on input line 234.
\uproot@=\count280
\leftroot@=\count281
LaTeX Info: Redefining \overline on input line 399.
LaTeX Info: Redefining \colon on input line 410.
\classnum@=\count282
\DOTSCASE@=\count283
LaTeX Info: Redefining \ldots on input line 496.
LaTeX Info: Redefining \dots on input line 499.
LaTeX Info: Redefining \cdots on input line 620.
\Mathstrutbox@=\box58
\strutbox@=\box59
LaTeX Info: Redefining \big on input line 722.
LaTeX Info: Redefining \Big on input line 723.
LaTeX Info: Redefining \bigg on input line 724.
LaTeX Info: Redefining \Bigg on input line 725.
\big@size=\dimen183
LaTeX Font Info:    Redeclaring font encoding OML on input line 743.
LaTeX Font Info:    Redeclaring font encoding OMS on input line 744.
\macc@depth=\count284
LaTeX Info: Redefining \bmod on input line 905.
LaTeX Info: Redefining \pmod on input line 910.
LaTeX Info: Redefining \smash on input line 940.
LaTeX Info: Redefining \relbar on input line 970.
LaTeX Info: Redefining \Relbar on input line 971.
\c@MaxMatrixCols=\count285
\dotsspace@=\muskip16
\c@parentequation=\count286
\dspbrk@lvl=\count287
\tag@help=\toks22
\row@=\count288
\column@=\count289
\maxfields@=\count290
\andhelp@=\toks23
\eqnshift@=\dimen184
\alignsep@=\dimen185
\tagshift@=\dimen186
\tagwidth@=\dimen187
\totwidth@=\dimen188
\lineht@=\dimen189
\@envbody=\toks24
\multlinegap=\skip55
\multlinetaggap=\skip56
\mathdisplay@stack=\toks25
LaTeX Info: Redefining \[ on input line 2953.
LaTeX Info: Redefining \] on input line 2954.
) (/usr/share/texlive/texmf-dist/tex/latex/oberdiek/centernot.sty
Package: centernot 2016/05/16 v1.4 Centers the not symbol horizontally (HO)
)
\tx@cntz=\count291
 (/usr/share/texlive/texmf-dist/tex/generic/kastrup/binhex.tex)
\tx@Isdigit=\count292
\tx@IsAlNum=\count293
\tx@tA=\toks26
\tx@tB=\toks27
\tx@su=\read2

amsthm NOT loaded
LaTeX Font Info:    Redeclaring symbol font `operators' on input line 390.
LaTeX Font Info:    Overwriting symbol font `operators' in version `normal'
(Font)                  OT1/cmr/m/n --> OT1/minntx/m/n on input line 390.
LaTeX Font Info:    Overwriting symbol font `operators' in version `bold'
(Font)                  OT1/cmr/bx/n --> OT1/minntx/m/n on input line 390.
LaTeX Font Info:    Overwriting symbol font `operators' in version `bold'
(Font)                  OT1/minntx/m/n --> OT1/minntx/b/n on input line 391.
LaTeX Font Info:    Redeclaring math alphabet \mathsf on input line 397.
LaTeX Font Info:    Overwriting math alphabet `\mathsf' in version `normal'
(Font)                  OT1/cmss/m/n --> T1/qhv/m/n on input line 397.
LaTeX Font Info:    Overwriting math alphabet `\mathsf' in version `bold'
(Font)                  OT1/cmss/bx/n --> T1/qhv/m/n on input line 397.
LaTeX Font Info:    Redeclaring math alphabet \mathit on input line 398.
LaTeX Font Info:    Overwriting math alphabet `\mathit' in version `normal'
(Font)                  OT1/cmr/m/it --> OT1/minntx/m/it on input line 398.
LaTeX Font Info:    Overwriting math alphabet `\mathit' in version `bold'
(Font)                  OT1/cmr/bx/it --> OT1/minntx/m/it on input line 398.
LaTeX Font Info:    Redeclaring math alphabet \mathtt on input line 399.
LaTeX Font Info:    Overwriting math alphabet `\mathtt' in version `normal'
(Font)                  OT1/cmtt/m/n --> T1/ntxtt/m/n on input line 399.
LaTeX Font Info:    Overwriting math alphabet `\mathtt' in version `bold'
(Font)                  OT1/cmtt/m/n --> T1/ntxtt/m/n on input line 399.
LaTeX Font Info:    Redeclaring math alphabet \mathbf on input line 401.
LaTeX Font Info:    Overwriting math alphabet `\mathbf' in version `normal'
(Font)                  OT1/cmr/bx/n --> OT1/minntx/b/n on input line 401.
LaTeX Font Info:    Overwriting math alphabet `\mathbf' in version `bold'
(Font)                  OT1/cmr/bx/n --> OT1/minntx/b/n on input line 401.
LaTeX Font Info:    Overwriting math alphabet `\mathit' in version `bold'
(Font)                  OT1/minntx/m/it --> OT1/minntx/b/it on input line 402.
LaTeX Font Info:    Overwriting math alphabet `\mathsf' in version `bold'
(Font)                  T1/qhv/m/n --> T1/qhv/b/n on input line 403.
LaTeX Font Info:    Overwriting math alphabet `\mathtt' in version `bold'
(Font)                  T1/ntxtt/m/n --> T1/ntxtt/b/n on input line 404.
LaTeX Font Info:    Redeclaring symbol font `letters' on input line 506.
LaTeX Font Info:    Overwriting symbol font `letters' in version `normal'
(Font)                  OML/cmm/m/it --> OML/ntxmi/m/it on input line 506.
LaTeX Font Info:    Overwriting symbol font `letters' in version `bold'
(Font)                  OML/cmm/b/it --> OML/ntxmi/m/it on input line 506.
LaTeX Font Info:    Overwriting symbol font `letters' in version `bold'
(Font)                  OML/ntxmi/m/it --> OML/ntxmi/b/it on input line 507.
\symlettersA=\mathgroup4
LaTeX Font Info:    Overwriting symbol font `lettersA' in version `bold'
(Font)                  U/ntxmia/m/it --> U/ntxmia/b/it on input line 562.
Now handling font encoding LMS ...
... no UTF-8 mapping file for font encoding LMS
LaTeX Font Info:    Redeclaring symbol font `symbols' on input line 583.
LaTeX Font Info:    Encoding `OMS' has changed to `LMS' for symbol font
(Font)              `symbols' in the math version `normal' on input line 583.
LaTeX Font Info:    Overwriting symbol font `symbols' in version `normal'
(Font)                  OMS/cmsy/m/n --> LMS/ntxsy/m/n on input line 583.
LaTeX Font Info:    Encoding `OMS' has changed to `LMS' for symbol font
(Font)              `symbols' in the math version `bold' on input line 583.
LaTeX Font Info:    Overwriting symbol font `symbols' in version `bold'
(Font)                  OMS/cmsy/b/n --> LMS/ntxsy/m/n on input line 583.
LaTeX Font Info:    Overwriting symbol font `symbols' in version `bold'
(Font)                  LMS/ntxsy/m/n --> LMS/ntxsy/b/n on input line 584.
\symAMSm=\mathgroup5
LaTeX Font Info:    Overwriting symbol font `AMSm' in version `bold'
(Font)                  U/ntxsym/m/n --> U/ntxsym/b/n on input line 609.
\symsymbolsC=\mathgroup6
LaTeX Font Info:    Overwriting symbol font `symbolsC' in version `bold'
(Font)                  U/ntxsyc/m/n --> U/ntxsyc/b/n on input line 630.
Now handling font encoding LMX ...
... no UTF-8 mapping file for font encoding LMX
LaTeX Font Info:    Redeclaring symbol font `largesymbols' on input line 643.
LaTeX Font Info:    Encoding `OMX' has changed to `LMX' for symbol font
(Font)              `largesymbols' in the math version `normal' on input line 643.
LaTeX Font Info:    Overwriting symbol font `largesymbols' in version `normal'
(Font)                  OMX/cmex/m/n --> LMX/ntxexx/m/n on input line 643.
LaTeX Font Info:    Encoding `OMX' has changed to `LMX' for symbol font
(Font)              `largesymbols' in the math version `bold' on input line 643.
LaTeX Font Info:    Overwriting symbol font `largesymbols' in version `bold'
(Font)                  OMX/cmex/m/n --> LMX/ntxexx/m/n on input line 643.
LaTeX Font Info:    Overwriting symbol font `largesymbols' in version `bold'
(Font)                  LMX/ntxexx/m/n --> LMX/ntxexx/b/n on input line 644.
\symlargesymbolsTXA=\mathgroup7
LaTeX Font Info:    Overwriting symbol font `largesymbolsTXA' in version `bold'
(Font)                  U/ntxexa/m/n --> U/ntxexa/b/n on input line 658.
\tx@sbptoks=\toks28
LaTeX Font Info:    Redeclaring math delimiter \lfloor on input line 881.
LaTeX Font Info:    Redeclaring math delimiter \rfloor on input line 882.
LaTeX Font Info:    Redeclaring math delimiter \lceil on input line 883.
LaTeX Font Info:    Redeclaring math delimiter \rceil on input line 884.
LaTeX Font Info:    Redeclaring math delimiter \lbrace on input line 889.
LaTeX Font Info:    Redeclaring math delimiter \rbrace on input line 890.
LaTeX Font Info:    Redeclaring math delimiter \langle on input line 892.
LaTeX Font Info:    Redeclaring math delimiter \rangle on input line 894.
LaTeX Font Info:    Redeclaring math delimiter \arrowvert on input line 898.
LaTeX Font Info:    Redeclaring math delimiter \vert on input line 899.
LaTeX Font Info:    Redeclaring math symbol \hbar on input line 945.
LaTeX Font Info:    Redeclaring math accent \dot on input line 970.
LaTeX Font Info:    Redeclaring math accent \ddot on input line 971.
LaTeX Font Info:    Redeclaring math accent \vec on input line 2044.
LaTeX Info: Redefining \Bbbk on input line 2834.
LaTeX Info: Redefining \not on input line 2982.
) (/usr/share/texlive/texmf-dist/tex/latex/algorithms/algorithmic.sty
Package: algorithmic 2009/08/24 v0.1 Document Style `algorithmic'
\c@ALC@unique=\count294
\c@ALC@line=\count295
\c@ALC@rem=\count296
\c@ALC@depth=\count297
\ALC@tlm=\skip57
\algorithmicindent=\skip58
) (/usr/share/texlive/texmf-dist/tex/latex/graphics/graphicx.sty
Package: graphicx 2021/09/16 v1.2d Enhanced LaTeX Graphics (DPC,SPQR)
\Gin@req@height=\dimen190
\Gin@req@width=\dimen191
) (/usr/share/texlive/texmf-dist/tex/latex/pythonhighlight/pythonhighlight.sty
Package: pythonhighlight 2017/02/09 python code highlighting; provided by Olivier Verdier <olivier.verdier@gmail.com>
 (/usr/share/texlive/texmf-dist/tex/latex/listings/listings.sty
\lst@mode=\count298
\lst@gtempboxa=\box60
\lst@token=\toks29
\lst@length=\count299
\lst@currlwidth=\dimen192
\lst@column=\count300
\lst@pos=\count301
\lst@lostspace=\dimen193
\lst@width=\dimen194
\lst@newlines=\count302
\lst@lineno=\count303
\lst@maxwidth=\dimen195
 (/usr/share/texlive/texmf-dist/tex/latex/listings/lstmisc.sty
File: lstmisc.sty 2023/02/27 1.9 (Carsten Heinz)
\c@lstnumber=\count304
\lst@skipnumbers=\count305
\lst@framebox=\box61
) (/usr/share/texlive/texmf-dist/tex/latex/listings/listings.cfg
File: listings.cfg 2023/02/27 1.9 listings configuration
))
Package: listings 2023/02/27 1.9 (Carsten Heinz)
) (/usr/share/texlive/texmf-dist/tex/latex/subfig/subfig.sty
Package: subfig 2005/06/28 ver: 1.3 subfig package
 (/usr/share/texlive/texmf-dist/tex/latex/caption/caption.sty
Package: caption 2023/08/05 v3.6o Customizing captions (AR)
 (/usr/share/texlive/texmf-dist/tex/latex/caption/caption3.sty
Package: caption3 2023/07/31 v2.4d caption3 kernel (AR)
\caption@tempdima=\dimen196
\captionmargin=\dimen197
\caption@leftmargin=\dimen198
\caption@rightmargin=\dimen199
\caption@width=\dimen256
\caption@indent=\dimen257
\caption@parindent=\dimen258
\caption@hangindent=\dimen259
Package caption Info: Unknown document class (or package),
(caption)             standard defaults will be used.
Package caption Info: \@makecaption = \long macro:#1#2->\ifx \@captype \@IEEEtablestring \begin {flushleft} \vspace *{5pt} {\vss \color {accessblue}\tablecapheadfont #1. \ }{\raggedright \tablecapfont #2\vss }\end {flushleft} \@IEEEtablecaptionsepspace \else \@IEEEfigurecaptionsepspace \setbox \@tempboxa \hbox {\strut {\color {accessblue}\figcapheadfont #1. \ }\raggedright \figcapfont #2\strut }\ifdim \xfigwd >\columnwidth \setbox \@tempboxa \hbox {{\color {accessblue}\figcapheadfont #1. \ }}\mbox {}\hfill \begin {tabular}{@{}l@{}}\noindent \raggedright \unhbox \@tempboxa \figcapfont #2\end {tabular}\hfill \mbox {}\else \setbox \@tempboxa \hbox {{\color {accessblue}\figcapheadfont #1. \ }}{\vss \raggedright \noindent \unhbox \@tempboxa \figcapfont #2\vss }\fi \fi \vskip 1pt plus 1pt minus 1pt on input line 1175.
)

Package caption Warning: Unknown document class (or package),
(caption)                standard defaults will be used.
See the caption package documentation for explanation.

\c@caption@flags=\count306
\c@continuedfloat=\count307
Package caption Info: listings package is loaded.
)
\c@KVtest=\count308
\sf@farskip=\skip59
\sf@captopadj=\dimen260
\sf@capskip=\skip60
\sf@nearskip=\skip61
\c@subfigure=\count309
\c@subfigure@save=\count310
\c@lofdepth=\count311
\c@subtable=\count312
\c@subtable@save=\count313
\c@lotdepth=\count314
\sf@top=\skip62
\sf@bottom=\skip63
) (/usr/share/texlive/texmf-dist/tex/generic/ulem/ulem.sty
\UL@box=\box62
\UL@hyphenbox=\box63
\UL@skip=\skip64
\UL@hook=\toks30
\UL@height=\dimen261
\UL@pe=\count315
\UL@pixel=\dimen262
\ULC@box=\box64
Package: ulem 2019/11/18
\ULdepth=\dimen263
) (/usr/share/texlive/texmf-dist/tex/latex/comment/comment.sty
\CommentStream=\write3
 Excluding comment 'comment') (/usr/share/texlive/texmf-dist/tex/latex/tools/xspace.sty
Package: xspace 2014/10/28 v1.13 Space after command names (DPC,MH)
) (/usr/share/texlive/texmf-dist/tex/latex/hyperref/hyperref.sty
Package: hyperref 2024-01-20 v7.01h Hypertext links for LaTeX
 (/usr/share/texlive/texmf-dist/tex/latex/kvsetkeys/kvsetkeys.sty
Package: kvsetkeys 2022-10-05 v1.19 Key value parser (HO)
) (/usr/share/texlive/texmf-dist/tex/generic/kvdefinekeys/kvdefinekeys.sty
Package: kvdefinekeys 2019-12-19 v1.6 Define keys (HO)
) (/usr/share/texlive/texmf-dist/tex/generic/pdfescape/pdfescape.sty
Package: pdfescape 2019/12/09 v1.15 Implements pdfTeX's escape features (HO)
 (/usr/share/texlive/texmf-dist/tex/generic/ltxcmds/ltxcmds.sty
Package: ltxcmds 2023-12-04 v1.26 LaTeX kernel commands for general use (HO)
) (/usr/share/texlive/texmf-dist/tex/generic/pdftexcmds/pdftexcmds.sty
Package: pdftexcmds 2020-06-27 v0.33 Utility functions of pdfTeX for LuaTeX (HO)
 (/usr/share/texlive/texmf-dist/tex/generic/infwarerr/infwarerr.sty
Package: infwarerr 2019/12/03 v1.5 Providing info/warning/error messages (HO)
)
Package pdftexcmds Info: \pdf@primitive is available.
Package pdftexcmds Info: \pdf@ifprimitive is available.
Package pdftexcmds Info: \pdfdraftmode found.
)) (/usr/share/texlive/texmf-dist/tex/latex/hycolor/hycolor.sty
Package: hycolor 2020-01-27 v1.10 Color options for hyperref/bookmark (HO)
) (/usr/share/texlive/texmf-dist/tex/latex/auxhook/auxhook.sty
Package: auxhook 2019-12-17 v1.6 Hooks for auxiliary files (HO)
) (/usr/share/texlive/texmf-dist/tex/latex/hyperref/nameref.sty
Package: nameref 2023-11-26 v2.56 Cross-referencing by name of section
 (/usr/share/texlive/texmf-dist/tex/latex/refcount/refcount.sty
Package: refcount 2019/12/15 v3.6 Data extraction from label references (HO)
) (/usr/share/texlive/texmf-dist/tex/generic/gettitlestring/gettitlestring.sty
Package: gettitlestring 2019/12/15 v1.6 Cleanup title references (HO)
 (/usr/share/texlive/texmf-dist/tex/latex/kvoptions/kvoptions.sty
Package: kvoptions 2022-06-15 v3.15 Key value format for package options (HO)
))
\c@section@level=\count316
)
\@linkdim=\dimen264
\Hy@linkcounter=\count317
\Hy@pagecounter=\count318
 (/usr/share/texlive/texmf-dist/tex/latex/hyperref/pd1enc.def
File: pd1enc.def 2024-01-20 v7.01h Hyperref: PDFDocEncoding definition (HO)
Now handling font encoding PD1 ...
... no UTF-8 mapping file for font encoding PD1
) (/usr/share/texlive/texmf-dist/tex/generic/intcalc/intcalc.sty
Package: intcalc 2019/12/15 v1.3 Expandable calculations with integers (HO)
)
\Hy@SavedSpaceFactor=\count319
 (/usr/share/texlive/texmf-dist/tex/latex/hyperref/puenc.def
File: puenc.def 2024-01-20 v7.01h Hyperref: PDF Unicode definition (HO)
Now handling font encoding PU ...
... no UTF-8 mapping file for font encoding PU
)
Package hyperref Info: Hyper figures OFF on input line 4179.
Package hyperref Info: Link nesting OFF on input line 4184.
Package hyperref Info: Hyper index ON on input line 4187.
Package hyperref Info: Plain pages OFF on input line 4194.
Package hyperref Info: Backreferencing OFF on input line 4199.
Package hyperref Info: Implicit mode ON; LaTeX internals redefined.
Package hyperref Info: Bookmarks ON on input line 4446.
\c@Hy@tempcnt=\count320
 (/usr/share/texlive/texmf-dist/tex/latex/url/url.sty
\Urlmuskip=\muskip17
Package: url 2013/09/16  ver 3.4  Verb mode for urls, etc.
)
LaTeX Info: Redefining \url on input line 4784.
\XeTeXLinkMargin=\dimen265
 (/usr/share/texlive/texmf-dist/tex/generic/bitset/bitset.sty
Package: bitset 2019/12/09 v1.3 Handle bit-vector datatype (HO)
 (/usr/share/texlive/texmf-dist/tex/generic/bigintcalc/bigintcalc.sty
Package: bigintcalc 2019/12/15 v1.5 Expandable calculations on big integers (HO)
))
\Fld@menulength=\count321
\Field@Width=\dimen266
\Fld@charsize=\dimen267
Package hyperref Info: Hyper figures OFF on input line 6063.
Package hyperref Info: Link nesting OFF on input line 6068.
Package hyperref Info: Hyper index ON on input line 6071.
Package hyperref Info: backreferencing OFF on input line 6078.
Package hyperref Info: Link coloring OFF on input line 6083.
Package hyperref Info: Link coloring with OCG OFF on input line 6088.
Package hyperref Info: PDF/A mode OFF on input line 6093.
 (/usr/share/texlive/texmf-dist/tex/latex/base/atbegshi-ltx.sty
Package: atbegshi-ltx 2021/01/10 v1.0c Emulation of the original atbegshi
package with kernel methods
)
\Hy@abspage=\count322
\c@Item=\count323
\c@Hfootnote=\count324
)
Package hyperref Info: Driver (autodetected): hpdftex.
 (/usr/share/texlive/texmf-dist/tex/latex/hyperref/hpdftex.def
File: hpdftex.def 2024-01-20 v7.01h Hyperref driver for pdfTeX
 (/usr/share/texlive/texmf-dist/tex/latex/base/atveryend-ltx.sty
Package: atveryend-ltx 2020/08/19 v1.0a Emulation of the original atveryend package
with kernel methods
)
\Fld@listcount=\count325
\c@bookmark@seq@number=\count326
 (/usr/share/texlive/texmf-dist/tex/latex/rerunfilecheck/rerunfilecheck.sty
Package: rerunfilecheck 2022-07-10 v1.10 Rerun checks for auxiliary files (HO)
 (/usr/share/texlive/texmf-dist/tex/generic/uniquecounter/uniquecounter.sty
Package: uniquecounter 2019/12/15 v1.4 Provide unlimited unique counter (HO)
)
Package uniquecounter Info: New unique counter `rerunfilecheck' on input line 285.
)
\Hy@SectionHShift=\skip65
) (/usr/share/texlive/texmf-dist/tex/latex/academicons/academicons.sty
Package: academicons 2021/11/26 v1.9.1 Academicons Icons
) (/usr/share/texlive/texmf-dist/tex/generic/soul/soul.sty
Package: soul 2023-06-14 v3.1 Permit use of UTF-8 characters in soul (HO)
 (/usr/share/texlive/texmf-dist/tex/generic/soul/soul-ori.sty
Package: soul-ori 2023-06-14 v3.1 letterspacing/underlining (mf)
\SOUL@word=\toks31
\SOUL@lasttoken=\toks32
\SOUL@syllable=\toks33
\SOUL@cmds=\toks34
\SOUL@buffer=\toks35
\SOUL@token=\toks36
\SOUL@syllgoal=\dimen268
\SOUL@syllwidth=\dimen269
\SOUL@charkern=\dimen270
\SOUL@hyphkern=\dimen271
\SOUL@dimen=\dimen272
\SOUL@dimeni=\dimen273
\SOUL@minus=\count327
\SOUL@comma=\count328
\SOUL@apo=\count329
\SOUL@grave=\count330
\SOUL@spaceskip=\skip66
\SOUL@ttwidth=\dimen274
\SOUL@uldp=\dimen275
\SOUL@ulht=\dimen276
) (/usr/share/texlive/texmf-dist/tex/generic/etexcmds/etexcmds.sty
Package: etexcmds 2019/12/15 v1.7 Avoid name clashes with e-TeX commands (HO)
))) (./commands.tex)
LaTeX Font Info:    Trying to load font information for T1+ntxtlf on input line 9.
 (/usr/share/texlive/texmf-dist/tex/latex/newtx/t1ntxtlf.fd
File: t1ntxtlf.fd 2021/05/24 v1.1 font definition file for T1/ntx/tlf
)
LaTeX Font Info:    Font shape `T1/ntxtlf/m/n' will be
(Font)              scaled to size 10.0pt on input line 9.
 (./access.aux)
\openout1 = `access.aux'.

LaTeX Font Info:    Checking defaults for OML/ntxmi/m/it on input line 9.
LaTeX Font Info:    Trying to load font information for OML+ntxmi on input line 9.
 (/usr/share/texlive/texmf-dist/tex/latex/newtx/omlntxmi.fd
File: omlntxmi.fd 2015/08/25 Fontinst v1.933 font definitions for OML/ntxmi.
)
LaTeX Font Info:    ... okay on input line 9.
LaTeX Font Info:    Checking defaults for OMS/cmsy/m/n on input line 9.
LaTeX Font Info:    ... okay on input line 9.
LaTeX Font Info:    Checking defaults for OT1/cmr/m/n on input line 9.
LaTeX Font Info:    ... okay on input line 9.
LaTeX Font Info:    Checking defaults for T1/cmr/m/n on input line 9.
LaTeX Font Info:    ... okay on input line 9.
LaTeX Font Info:    Checking defaults for TS1/cmr/m/n on input line 9.
LaTeX Font Info:    ... okay on input line 9.
LaTeX Font Info:    Checking defaults for OMX/cmex/m/n on input line 9.
LaTeX Font Info:    ... okay on input line 9.
LaTeX Font Info:    Checking defaults for U/ntxexa/m/n on input line 9.
LaTeX Font Info:    Trying to load font information for U+ntxexa on input line 9.
 (/usr/share/texlive/texmf-dist/tex/latex/newtx/untxexa.fd
File: untxexa.fd 2012/04/16 Fontinst v1.933 font definitions for U/ntxexa.
)
LaTeX Font Info:    ... okay on input line 9.
LaTeX Font Info:    Checking defaults for LMS/ntxsy/m/n on input line 9.
LaTeX Font Info:    Trying to load font information for LMS+ntxsy on input line 9.
 (/usr/share/texlive/texmf-dist/tex/latex/newtx/lmsntxsy.fd
File: lmsntxsy.fd 2016/07/02 Fontinst v1.933 font definitions for LMS/ntxsy.
)
LaTeX Font Info:    ... okay on input line 9.
LaTeX Font Info:    Checking defaults for LMX/ntxexx/m/n on input line 9.
LaTeX Font Info:    Trying to load font information for LMX+ntxexx on input line 9.
 (/usr/share/texlive/texmf-dist/tex/latex/newtx/lmxntxexx.fd
File: lmxntxexx.fd 2016/07/03 Fontinst v1.933 font definitions for LMX/ntxexx.
)
LaTeX Font Info:    ... okay on input line 9.
LaTeX Font Info:    Checking defaults for PD1/pdf/m/n on input line 9.
LaTeX Font Info:    ... okay on input line 9.
LaTeX Font Info:    Checking defaults for PU/pdf/m/n on input line 9.
LaTeX Font Info:    ... okay on input line 9.
LaTeX Font Info:    Font shape `T1/ntxtlf/m/n' will be
(Font)              scaled to size 5.0pt on input line 9.
LaTeX Font Info:    Font shape `T1/ntxtlf/b/n' will be
(Font)              scaled to size 5.0pt on input line 9.
LaTeX Font Info:    Font shape `T1/ntxtlf/m/it' will be
(Font)              scaled to size 5.0pt on input line 9.
LaTeX Font Info:    Font shape `T1/ntxtlf/b/it' will be
(Font)              scaled to size 5.0pt on input line 9.
LaTeX Font Info:    Font shape `T1/ntxtlf/m/n' will be
(Font)              scaled to size 7.0pt on input line 9.
LaTeX Font Info:    Font shape `T1/ntxtlf/b/n' will be
(Font)              scaled to size 7.0pt on input line 9.
LaTeX Font Info:    Font shape `T1/ntxtlf/m/it' will be
(Font)              scaled to size 7.0pt on input line 9.
LaTeX Font Info:    Font shape `T1/ntxtlf/b/it' will be
(Font)              scaled to size 7.0pt on input line 9.
LaTeX Font Info:    Font shape `T1/ntxtlf/m/n' will be
(Font)              scaled to size 8.0pt on input line 9.
LaTeX Font Info:    Font shape `T1/ntxtlf/b/n' will be
(Font)              scaled to size 8.0pt on input line 9.
LaTeX Font Info:    Font shape `T1/ntxtlf/m/it' will be
(Font)              scaled to size 8.0pt on input line 9.
LaTeX Font Info:    Font shape `T1/ntxtlf/b/it' will be
(Font)              scaled to size 8.0pt on input line 9.
LaTeX Font Info:    Font shape `T1/ntxtlf/m/n' will be
(Font)              scaled to size 9.0pt on input line 9.
LaTeX Font Info:    Font shape `T1/ntxtlf/b/n' will be
(Font)              scaled to size 9.0pt on input line 9.
LaTeX Font Info:    Font shape `T1/ntxtlf/m/it' will be
(Font)              scaled to size 9.0pt on input line 9.
LaTeX Font Info:    Font shape `T1/ntxtlf/b/it' will be
(Font)              scaled to size 9.0pt on input line 9.
LaTeX Font Info:    Font shape `T1/ntxtlf/b/n' will be
(Font)              scaled to size 10.0pt on input line 9.
LaTeX Font Info:    Font shape `T1/ntxtlf/m/it' will be
(Font)              scaled to size 10.0pt on input line 9.
LaTeX Font Info:    Font shape `T1/ntxtlf/b/it' will be
(Font)              scaled to size 10.0pt on input line 9.
LaTeX Font Info:    Font shape `T1/ntxtlf/m/n' will be
(Font)              scaled to size 11.0pt on input line 9.
LaTeX Font Info:    Font shape `T1/ntxtlf/b/n' will be
(Font)              scaled to size 11.0pt on input line 9.
LaTeX Font Info:    Font shape `T1/ntxtlf/m/it' will be
(Font)              scaled to size 11.0pt on input line 9.
LaTeX Font Info:    Font shape `T1/ntxtlf/b/it' will be
(Font)              scaled to size 11.0pt on input line 9.
LaTeX Font Info:    Font shape `T1/ntxtlf/m/n' will be
(Font)              scaled to size 12.0pt on input line 9.
LaTeX Font Info:    Font shape `T1/ntxtlf/b/n' will be
(Font)              scaled to size 12.0pt on input line 9.
LaTeX Font Info:    Font shape `T1/ntxtlf/m/it' will be
(Font)              scaled to size 12.0pt on input line 9.
LaTeX Font Info:    Font shape `T1/ntxtlf/b/it' will be
(Font)              scaled to size 12.0pt on input line 9.
LaTeX Font Info:    Font shape `T1/ntxtlf/m/n' will be
(Font)              scaled to size 17.0pt on input line 9.
LaTeX Font Info:    Font shape `T1/ntxtlf/b/n' will be
(Font)              scaled to size 17.0pt on input line 9.
LaTeX Font Info:    Font shape `T1/ntxtlf/m/it' will be
(Font)              scaled to size 17.0pt on input line 9.
LaTeX Font Info:    Font shape `T1/ntxtlf/b/it' will be
(Font)              scaled to size 17.0pt on input line 9.
LaTeX Font Info:    Font shape `T1/ntxtlf/m/n' will be
(Font)              scaled to size 20.0pt on input line 9.
LaTeX Font Info:    Font shape `T1/ntxtlf/b/n' will be
(Font)              scaled to size 20.0pt on input line 9.
LaTeX Font Info:    Font shape `T1/ntxtlf/m/it' will be
(Font)              scaled to size 20.0pt on input line 9.
LaTeX Font Info:    Font shape `T1/ntxtlf/b/it' will be
(Font)              scaled to size 20.0pt on input line 9.
LaTeX Font Info:    Font shape `T1/ntxtlf/m/n' will be
(Font)              scaled to size 24.0pt on input line 9.
LaTeX Font Info:    Font shape `T1/ntxtlf/b/n' will be
(Font)              scaled to size 24.0pt on input line 9.
LaTeX Font Info:    Font shape `T1/ntxtlf/m/it' will be
(Font)              scaled to size 24.0pt on input line 9.
LaTeX Font Info:    Font shape `T1/ntxtlf/b/it' will be
(Font)              scaled to size 24.0pt on input line 9.

-- Lines per column: 56 (exact).

LaTeX Font Warning: Font shape `T1/ntxtlf/n/n' undefined
(Font)              using `T1/ntxtlf/m/n' instead on input line 9.

LaTeX Font Info:    Font shape `T1/ntxtlf/n/n' will be
(Font)              scaled to size 10.0pt on input line 9.
(/usr/share/texlive/texmf-dist/tex/context/base/mkii/supp-pdf.mkii
[Loading MPS to PDF converter (version 2006.09.02).]
\scratchcounter=\count331
\scratchdimen=\dimen277
\scratchbox=\box65
\nofMPsegments=\count332
\nofMParguments=\count333
\everyMPshowfont=\toks37
\MPscratchCnt=\count334
\MPscratchDim=\dimen278
\MPnumerator=\count335
\makeMPintoPDFobject=\count336
\everyMPtoPDFconversion=\toks38
) (/usr/share/texlive/texmf-dist/tex/latex/epstopdf-pkg/epstopdf-base.sty
Package: epstopdf-base 2020-01-24 v2.11 Base part for package epstopdf
Package epstopdf-base Info: Redefining graphics rule for `.eps' on input line 485.
 (/usr/share/texlive/texmf-dist/tex/latex/latexconfig/epstopdf-sys.cfg
File: epstopdf-sys.cfg 2010/07/13 v1.3 Configuration of (r)epstopdf for TeX Live
))
\c@mv@tabular=\count337
\c@mv@boldtabular=\count338
LaTeX Info: Command `\dddot' is already robust on input line 9.
LaTeX Info: Command `\ddddot' is already robust on input line 9.
\c@lstlisting=\count339
Package caption Info: Begin \AtBeginDocument code.
Package caption Info: subfig package v1.3 is loaded.
Package caption Info: hyperref package is loaded.
Package caption Info: End \AtBeginDocument code.
Package hyperref Info: Link coloring OFF on input line 9.
 (./access.out) (./access.out)
\@outlinefile=\write4
\openout4 = `access.out'.

 Excluding 'comment' comment.
<bullet.png, id=111, 12.045pt x 35.38219pt>
File: bullet.png Graphic file (type png)
<use bullet.png>
Package pdftex.def Info: bullet.png  used on input line 37.
(pdftex.def)             Requested size: 5.0pt x 14.6871pt.


Package xcolor Warning: Incompatible color definition on input line 37.

LaTeX Font Info:    Trying to load font information for T1+qhv on input line 37.
(/usr/share/texmf/tex/latex/tex-gyre/t1qhv.fd
File: t1qhv.fd 2009/09/25 v1.2 font definition file for T1/qhv
)

LaTeX Font Warning: Font shape `T1/qhv/n/n' undefined
(Font)              using `T1/qhv/m/n' instead on input line 37.

LaTeX Font Info:    Font shape `T1/qhv/m/n' will be
(Font)              scaled to size 9.40002pt on input line 37.
LaTeX Font Info:    Font shape `T1/qhv/b/n' will be
(Font)              scaled to size 9.40002pt on input line 37.
LaTeX Font Info:    Trying to load font information for T1+ntxtt on input line 42.
(/usr/share/texlive/texmf-dist/tex/latex/newtx/t1ntxtt.fd
File: t1ntxtt.fd 2012/04/20 v3.1
)

LaTeX Font Warning: Font shape `T1/ntxtt/n/n' undefined
(Font)              using `T1/ntxtt/m/n' instead on input line 42.

LaTeX Font Info:    Font shape `T1/ntxtt/m/n' will be
(Font)              scaled to size 10.0pt on input line 42.
LaTeX Font Info:    Font shape `T1/ntxtt/n/n' will be
(Font)              scaled to size 10.0pt on input line 42.
File: bullet.png Graphic file (type png)
<use bullet.png>
Package pdftex.def Info: bullet.png  used on input line 52.
(pdftex.def)             Requested size: 5.0pt x 14.6871pt.

Package xcolor Warning: Incompatible color definition on input line 52.

LaTeX Font Info:    Font shape `T1/qhv/n/n' will be
(Font)              scaled to size 9.40002pt on input line 52.
LaTeX Font Info:    Font shape `T1/qhv/n/n' will be
(Font)              scaled to size 6.58002pt on input line 59.
LaTeX Font Info:    Font shape `T1/ntxtlf/n/n' will be
(Font)              scaled to size 6.0pt on input line 59.
LaTeX Font Info:    Font shape `T1/ntxtlf/m/n' will be
(Font)              scaled to size 6.0pt on input line 59.
LaTeX Font Info:    Font shape `T1/ntxtlf/m/it' will be
(Font)              scaled to size 6.0pt on input line 59.

Package xcolor Warning: Incompatible color definition on input line 59.

LaTeX Font Info:    Font shape `T1/qhv/b/n' will be
(Font)              scaled to size 20.68005pt on input line 59.
LaTeX Font Info:    Font shape `T1/qhv/b/n' will be
(Font)              scaled to size 9.30602pt on input line 59.
LaTeX Font Info:    Calculating math sizes for size <9.9> on input line 59.
LaTeX Font Info:    Trying to load font information for OT1+minntx on input line 59.
(/usr/share/texlive/texmf-dist/tex/latex/newtx/ot1minntx.fd
File: ot1minntx.fd 2023/09/09 v1.1 font definition file for OT1/minntx
)
LaTeX Font Info:    Trying to load font information for U+ntxmia on input line 59.
 (/usr/share/texlive/texmf-dist/tex/latex/newtx/untxmia.fd
File: untxmia.fd 2018/04/14 Fontinst v1.933 font definitions for U/ntxmia.
)
LaTeX Font Info:    Trying to load font information for U+ntxsym on input line 59.
 (/usr/share/texlive/texmf-dist/tex/latex/newtx/untxsym.fd
File: untxsym.fd 2023/08/16 Fontinst v1.933 font definitions for U/ntxsym.
)
LaTeX Font Info:    Trying to load font information for U+ntxsyc on input line 59.
 (/usr/share/texlive/texmf-dist/tex/latex/newtx/untxsyc.fd
File: untxsyc.fd 2012/04/12 Fontinst v1.933 font definitions for U/ntxsyc.
)
LaTeX Font Info:    Font shape `T1/qhv/b/n' will be
(Font)              scaled to size 6.79333pt on input line 59.
<fig/orcidlogo.png, id=113, 1204.5pt x 1204.5pt>
File: fig/orcidlogo.png Graphic file (type png)
<use fig/orcidlogo.png>
Package pdftex.def Info: fig/orcidlogo.png  used on input line 59.
(pdftex.def)             Requested size: 7.223pt x 7.223pt.
File: fig/orcidlogo.png Graphic file (type png)
<use fig/orcidlogo.png>
Package pdftex.def Info: fig/orcidlogo.png  used on input line 59.
(pdftex.def)             Requested size: 7.223pt x 7.223pt.
File: fig/orcidlogo.png Graphic file (type png)
<use fig/orcidlogo.png>
Package pdftex.def Info: fig/orcidlogo.png  used on input line 59.
(pdftex.def)             Requested size: 7.223pt x 7.223pt.
File: fig/orcidlogo.png Graphic file (type png)
<use fig/orcidlogo.png>
Package pdftex.def Info: fig/orcidlogo.png  used on input line 59.
(pdftex.def)             Requested size: 7.223pt x 7.223pt.
LaTeX Font Info:    Font shape `T1/ntxtlf/n/n' will be
(Font)              scaled to size 6.6pt on input line 59.
LaTeX Font Info:    Calculating math sizes for size <6.6> on input line 59.
LaTeX Font Info:    Font shape `T1/ntxtlf/n/n' will be
(Font)              scaled to size 4.81796pt on input line 59.
LaTeX Font Info:    Font shape `T1/ntxtlf/n/n' will be
(Font)              scaled to size 7.7pt on input line 59.

Overfull \hbox (9.2679pt too wide) in paragraph at lines 59--59
[]  
 []


Overfull \hbox (9.2679pt too wide) in paragraph at lines 59--59
[]  
 []


Package xcolor Warning: Incompatible color definition on input line 59.

LaTeX Font Info:    Font shape `T1/qhv/b/n' will be
(Font)              scaled to size 8.46002pt on input line 59.

Underfull \hbox (badness 1648) in paragraph at lines 63--67
|   []   |   []   |   []   |   []   |   []   |   []
 []


Underfull \vbox (badness 10000) has occurred while \output is active []



Package xcolor Warning: Incompatible color definition on input line 67.

<Logo.png, id=118, 206.27063pt x 53.44969pt>
File: Logo.png Graphic file (type png)
<use Logo.png>
Package pdftex.def Info: Logo.png  used on input line 67.
(pdftex.def)             Requested size: 91.32pt x 23.66309pt.
LaTeX Font Info:    Font shape `T1/qhv/n/n' will be
(Font)              scaled to size 5.64001pt on input line 67.

Overfull \hbox (505.12177pt too wide) has occurred while \output is active
[]
 []


Overfull \hbox (505.12177pt too wide) has occurred while \output is active
[]
 []


Overfull \hbox (505.12177pt too wide) has occurred while \output is active
[]
 []


Underfull \hbox (badness 10000) has occurred while \output is active
[]
 []

[1{/usr/share/texlive/texmf-dist/fonts/enc/dvips/newtx/ntx-ec-tlf.enc}{/usr/share/texmf/fonts/enc/dvips/tex-gyre/q-ec.enc}


 <./logo.png> <./fig/orcidlogo.png> <./bullet.png>]
LaTeX Font Info:    Font shape `T1/ntxtlf/m/n' will be
(Font)              scaled to size 7.3pt on input line 94.
LaTeX Font Info:    Font shape `T1/ntxtlf/m/n' will be
(Font)              scaled to size 6.2pt on input line 94.
<notaglineLogo.png, id=152, 169.38281pt x 42.91031pt>
File: notaglineLogo.png Graphic file (type png)
<use notaglineLogo.png>
Package pdftex.def Info: notaglineLogo.png  used on input line 95.
(pdftex.def)             Requested size: 91.32pt x 23.1352pt.


LaTeX Font Warning: Font shape `T1/qhv/m/sl' in size <7> not available
(Font)              Font shape `T1/qhv/m/it' tried instead on input line 95.

LaTeX Font Info:    Font shape `T1/qhv/m/it' will be
(Font)              scaled to size 6.58002pt on input line 95.

Overfull \hbox (505.12177pt too wide) has occurred while \output is active
[]
 []


Overfull \hbox (505.12177pt too wide) has occurred while \output is active
[]
 []


Underfull \hbox (badness 10000) has occurred while \output is active
[]
 []

[2 <./notaglinelogo.png>]

Package xcolor Warning: Incompatible color definition on input line 99.


Underfull \hbox (badness 10000) in paragraph at lines 114--114
[]\T1/ntxtlf/m/n/8 Wear-leveling
 []


Underfull \hbox (badness 10000) in paragraph at lines 120--120
[]\T1/ntxtlf/m/n/8 Over
 []


Underfull \hbox (badness 10000) in paragraph at lines 120--120
\T1/ntxtlf/m/n/8 Pro-vi-sion-ing
 []


Underfull \hbox (badness 10000) in paragraph at lines 122--122
[]\T1/ntxtlf/m/n/8 Data Place-ment
 []


Underfull \hbox (badness 10000) in paragraph at lines 124--124
[]\T1/ntxtlf/m/n/8 Write
 []


Underfull \hbox (badness 10000) in paragraph at lines 124--124
\T1/ntxtlf/m/n/8 Am-pli-fi-ca-tion
 []


Underfull \hbox (badness 10000) in paragraph at lines 124--124
\T1/ntxtlf/m/n/8 Fac-tor (WAF)
 []


Underfull \hbox (badness 2376) in paragraph at lines 124--124
[]\T1/ntxtlf/m/n/8 Analyze the write am-pli-fi-ca-tion
 []


Underfull \hbox (badness 7081) in paragraph at lines 126--126
[]\T1/ntxtlf/m/n/8 Allocation Poli-
 []


Underfull \hbox (badness 10000) in paragraph at lines 128--128
[]\T1/ntxtlf/m/n/8 Dynamic SSD
 []


Underfull \hbox (badness 10000) in paragraph at lines 130--130
[]\T1/ntxtlf/m/n/8 Web-Based
 []


Underfull \hbox (badness 10000) in paragraph at lines 130--130
\T1/ntxtlf/m/n/8 Ac-cess and
 []


Underfull \hbox (badness 10000) in paragraph at lines 132--132
[]\T1/ntxtlf/m/n/8 Automatic Log
 []


Underfull \hbox (badness 6825) in paragraph at lines 136--136
[][]\T1/ntxtlf/m/n/8 Work[]-[]load[] [][][]Trace[]
 []


Overfull \hbox (6.72209pt too wide) in paragraph at lines 110--139
 [][] 
 []

LaTeX Font Info:    Font shape `T1/ntxtt/m/n' will be
(Font)              scaled to size 8.0pt on input line 140.
Excluding 'comment' comment.

Package xcolor Warning: Incompatible color definition on input line 193.


Underfull \hbox (badness 10000) in paragraph at lines 211--211
[]\T1/ntxtlf/m/n/8 512B-4KB
 []


Underfull \hbox (badness 10000) in paragraph at lines 213--214
[]\T1/ntxtlf/m/n/8 3.27MB-
 []


Underfull \hbox (badness 10000) in paragraph at lines 213--214
\T1/ntxtlf/m/n/8 536GB
 []


Underfull \hbox (badness 10000) in paragraph at lines 219--220
[]\T1/ntxtlf/m/n/8 Any%
 []


Overfull \hbox (4.77458pt too wide) in paragraph at lines 223--223
[]\T1/ntxtlf/m/n/8 GC_thres_pcent_high| 
 []


Overfull \hbox (7.34117pt too wide) in paragraph at lines 204--235
 [][] 
 []

<fig/eyana_ssd_figure.png, id=188, 1701.35625pt x 768.8725pt>
File: fig/eyana_ssd_figure.png Graphic file (type png)
<use fig/eyana_ssd_figure.png>
Package pdftex.def Info: fig/eyana_ssd_figure.png  used on input line 239.
(pdftex.def)             Requested size: 505.11487pt x 233.31497pt.

Package xcolor Warning: Incompatible color definition on input line 245.


LaTeX Font Warning: Font shape `T1/qhv/b/sl' in size <9> not available
(Font)              Font shape `T1/qhv/b/it' tried instead on input line 245.

LaTeX Font Info:    Font shape `T1/qhv/b/it' will be
(Font)              scaled to size 8.46002pt on input line 245.

Package xcolor Warning: Incompatible color definition on input line 246.

LaTeX Font Info:    Font shape `T1/qhv/n/n' will be
(Font)              scaled to size 8.46002pt on input line 246.

Underfull \vbox (badness 1132) has occurred while \output is active []

File: notaglineLogo.png Graphic file (type png)
<use notaglineLogo.png>
Package pdftex.def Info: notaglineLogo.png  used on input line 250.
(pdftex.def)             Requested size: 91.32pt x 23.1352pt.

Overfull \hbox (505.12177pt too wide) has occurred while \output is active
[]
 []


Overfull \hbox (505.12177pt too wide) has occurred while \output is active
[]
 []


Underfull \hbox (badness 10000) has occurred while \output is active
[]
 []

[3]
<fig/Basic_SSD_Simulation.png, id=215, 963.6pt x 542.025pt>
File: fig/Basic_SSD_Simulation.png Graphic file (type png)
<use fig/Basic_SSD_Simulation.png>
Package pdftex.def Info: fig/Basic_SSD_Simulation.png  used on input line 254.
(pdftex.def)             Requested size: 242.6638pt x 113.80379pt.


Package xcolor Warning: Incompatible color definition on input line 258.

File: notaglineLogo.png Graphic file (type png)
<use notaglineLogo.png>
Package pdftex.def Info: notaglineLogo.png  used on input line 261.
(pdftex.def)             Requested size: 91.32pt x 23.1352pt.

Overfull \hbox (505.12177pt too wide) has occurred while \output is active
[]
 []


Overfull \hbox (505.12177pt too wide) has occurred while \output is active
[]
 []


Underfull \hbox (badness 10000) has occurred while \output is active
[]
 []

[4 <./fig/eyana_ssd_figure.png> <./fig/Basic_SSD_Simulation.png (PNG copy)>]

Package xcolor Warning: Incompatible color definition on input line 262.

Excluding 'comment' comment.
LaTeX Font Info:    Font shape `T1/ntxtlf/n/n' will be
(Font)              scaled to size 7.3pt on input line 285.
LaTeX Font Info:    Font shape `T1/ntxtlf/n/n' will be
(Font)              scaled to size 5.5pt on input line 285.
LaTeX Font Info:    Font shape `T1/ntxtlf/m/n' will be
(Font)              scaled to size 5.5pt on input line 313.

Overfull \hbox (3.8138pt too wide) in paragraph at lines 334--334
[]\T1/ntxtlf/b/n/8 Allocation
 []


Overfull \hbox (3.5985pt too wide) in paragraph at lines 336--336
[]\T1/ntxtlf/m/n/8 chip(CP)$\LMS/ntxsy/m/n/8 !$\T1/ntxtlf/m/n/8 die(DI)
 []


Underfull \hbox (badness 10000) in paragraph at lines 336--336
\LMS/ntxsy/m/n/8 !$\T1/ntxtlf/m/n/8 plane(PL)
 []


Overfull \hbox (3.28163pt too wide) in paragraph at lines 337--343
[][]| 
 []


Overfull \hbox (1.03163pt too wide) in paragraph at lines 332--346
 [][] 
 []


LaTeX Warning: `h' float specifier changed to `ht'.


Package xcolor Warning: Incompatible color definition on input line 350.


Overfull \hbox (9.176pt too wide) in paragraph at lines 359--360
[][]\T1/ntxtlf/b/n/10 Im[]-[]ple[]-[]men[]-[]ta[]-[]tion[] [][][]and[] [][][]Sys[]-[]tem[] [][][]Con[]-[]fig[]-[]u[]-[]ra[]-[]tion: []
 []


Underfull \hbox (badness 10000) in paragraph at lines 395--396
[][]\T1/ntxtlf/m/n/8 Mean[] [][][]num[]-[]ber[] [][][]of[] [][][]in[]-[]valid[] [][][]pages[] [][][]per[] [][][]block:[]
 []


LaTeX Warning: `h' float specifier changed to `ht'.


Package xcolor Warning: Incompatible color definition on input line 436.

File: notaglineLogo.png Graphic file (type png)
<use notaglineLogo.png>
Package pdftex.def Info: notaglineLogo.png  used on input line 436.
(pdftex.def)             Requested size: 91.32pt x 23.1352pt.

Overfull \hbox (505.12177pt too wide) has occurred while \output is active
[]
 []


Overfull \hbox (505.12177pt too wide) has occurred while \output is active
[]
 []


Underfull \hbox (badness 10000) has occurred while \output is active
[]
 []

[5{/usr/share/texlive/texmf-dist/fonts/enc/dvips/newtx/ntx-ot1-tlf.enc}]
Overfull \hbox (2.03542pt too wide) in paragraph at lines 445--445
[]\T1/ntxtlf/b/n/8 Symbol/Color| 
 []


Underfull \hbox (badness 2302) in paragraph at lines 445--446
[]\T1/ntxtlf/b/n/8 SSD Be-hav-ior Im-pli-ca-
 []


Underfull \hbox (badness 1881) in paragraph at lines 453--453
[]\T1/ntxtlf/m/n/8 High num-ber of in-
 []


Underfull \hbox (badness 10000) in paragraph at lines 455--455
[]\T1/ntxtlf/m/n/8 White /
 []


Underfull \hbox (badness 2717) in paragraph at lines 455--455
[]\T1/ntxtlf/m/n/8 Free block (con-tains
 []


Overfull \hbox (1.03206pt too wide) in paragraph at lines 443--458
 [][] 
 []


Package xcolor Warning: Incompatible color definition on input line 460.


Underfull \vbox (badness 10000) has occurred while \output is active []

File: notaglineLogo.png Graphic file (type png)
<use notaglineLogo.png>
Package pdftex.def Info: notaglineLogo.png  used on input line 475.
(pdftex.def)             Requested size: 91.32pt x 23.1352pt.

Overfull \hbox (505.12177pt too wide) has occurred while \output is active
[]
 []


Overfull \hbox (505.12177pt too wide) has occurred while \output is active
[]
 []


Underfull \hbox (badness 10000) has occurred while \output is active
[]
 []

[6]
<fig/layout/placement_comparison/seq_initial.png, id=283, 893.3375pt x 1112.155pt>
File: fig/layout/placement_comparison/seq_initial.png Graphic file (type png)
<use fig/layout/placement_comparison/seq_initial.png>
Package pdftex.def Info: fig/layout/placement_comparison/seq_initial.png  used on input line 484.
(pdftex.def)             Requested size: 151.53821pt x 142.26031pt.
<fig/layout/placement_comparison/random_initial.png, id=284, 898.35625pt x 1110.1475pt>
File: fig/layout/placement_comparison/random_initial.png Graphic file (type png)
<use fig/layout/placement_comparison/random_initial.png>
Package pdftex.def Info: fig/layout/placement_comparison/random_initial.png  used on input line 489.
(pdftex.def)             Requested size: 151.53967pt x 142.25761pt.
<fig/layout/placement_comparison/zipf_initial.png, id=285, 891.33pt x 1111.15125pt>
File: fig/layout/placement_comparison/zipf_initial.png Graphic file (type png)
<use fig/layout/placement_comparison/zipf_initial.png>
Package pdftex.def Info: fig/layout/placement_comparison/zipf_initial.png  used on input line 494.
(pdftex.def)             Requested size: 151.53769pt x 142.25061pt.
<fig/layout/placement_comparison/seq_final.png, id=286, 889.3225pt x 1112.155pt>
File: fig/layout/placement_comparison/seq_final.png Graphic file (type png)
<use fig/layout/placement_comparison/seq_final.png>
Package pdftex.def Info: fig/layout/placement_comparison/seq_final.png  used on input line 503.
(pdftex.def)             Requested size: 151.53563pt x 142.26031pt.
<fig/layout/placement_comparison/random_final.png, id=287, 900.36375pt x 1110.1475pt>
File: fig/layout/placement_comparison/random_final.png Graphic file (type png)
<use fig/layout/placement_comparison/random_final.png>
Package pdftex.def Info: fig/layout/placement_comparison/random_final.png  used on input line 508.
(pdftex.def)             Requested size: 151.53484pt x 142.25761pt.
<fig/layout/placement_comparison/zipf_final.png, id=288, 902.37125pt x 1113.15875pt>
File: fig/layout/placement_comparison/zipf_final.png Graphic file (type png)
<use fig/layout/placement_comparison/zipf_final.png>
Package pdftex.def Info: fig/layout/placement_comparison/zipf_final.png  used on input line 513.
(pdftex.def)             Requested size: 151.52849pt x 142.25282pt.


LaTeX Warning: `h' float specifier changed to `ht'.


Package xcolor Warning: Incompatible color definition on input line 522.

<fig/layout/waf_erase_count_graph/waf_vs_time.png, id=290, 1334.9875pt x 848.16875pt>
File: fig/layout/waf_erase_count_graph/waf_vs_time.png Graphic file (type png)
<use fig/layout/waf_erase_count_graph/waf_vs_time.png>
Package pdftex.def Info: fig/layout/waf_erase_count_graph/waf_vs_time.png  used on input line 534.
(pdftex.def)             Requested size: 256.07433pt x 142.25842pt.

Overfull \hbox (13.40077pt too wide) in paragraph at lines 534--535
 [][] 
 []


Package xcolor Warning: Incompatible color definition on input line 541.


Package xcolor Warning: Incompatible color definition on input line 543.

<fig/layout/waf_erase_count_graph/invalid_page_distribution.png, id=294, 883.3pt x 466.74374pt>
File: fig/layout/waf_erase_count_graph/invalid_page_distribution.png Graphic file (type png)
<use fig/layout/waf_erase_count_graph/invalid_page_distribution.png>
Package pdftex.def Info: fig/layout/waf_erase_count_graph/invalid_page_distribution.png  used on input line 561.
(pdftex.def)             Requested size: 227.6174pt x 113.80838pt.

Package xcolor Warning: Incompatible color definition on input line 566.

File: notaglineLogo.png Graphic file (type png)
<use notaglineLogo.png>
Package pdftex.def Info: notaglineLogo.png  used on input line 580.
(pdftex.def)             Requested size: 91.32pt x 23.1352pt.

Overfull \hbox (505.12177pt too wide) has occurred while \output is active
[]
 []


Overfull \hbox (505.12177pt too wide) has occurred while \output is active
[]
 []


Underfull \hbox (badness 10000) has occurred while \output is active
[]
 []

[7]
Underfull \vbox (badness 6047) has occurred while \output is active []

File: notaglineLogo.png Graphic file (type png)
<use notaglineLogo.png>
Package pdftex.def Info: notaglineLogo.png  used on input line 580.
(pdftex.def)             Requested size: 91.32pt x 23.1352pt.

Overfull \hbox (505.12177pt too wide) has occurred while \output is active
[]
 []


Overfull \hbox (505.12177pt too wide) has occurred while \output is active
[]
 []


Underfull \hbox (badness 10000) has occurred while \output is active
[]
 []

[8 <./fig/layout/placement_comparison/seq_initial.png> <./fig/layout/placement_comparison/random_initial.png> <./fig/layout/placement_comparison/zipf_initial.png> <./fig/layout/placement_comparison/seq_final.png> <./fig/layout/placement_comparison/random_final.png> <./fig/layout/placement_comparison/zipf_final.png> <./fig/layout/waf_erase_count_graph/waf_vs_time.png (PNG copy)> <./fig/layout/waf_erase_count_graph/invalid_page_distribution.png (PNG copy)>]
<fig/layout/waf_erase_count_graph/erase_count_distribution.png, id=321, 883.3pt x 461.725pt>
File: fig/layout/waf_erase_count_graph/erase_count_distribution.png Graphic file (type png)
<use fig/layout/waf_erase_count_graph/erase_count_distribution.png>
Package pdftex.def Info: fig/layout/waf_erase_count_graph/erase_count_distribution.png  used on input line 584.
(pdftex.def)             Requested size: 227.6174pt x 113.81053pt.


Package xcolor Warning: Incompatible color definition on input line 589.

<fig/allocation_policy_comparison_colored_values.png, id=323, 867.24pt x 433.62pt>
File: fig/allocation_policy_comparison_colored_values.png Graphic file (type png)
<use fig/allocation_policy_comparison_colored_values.png>
Package pdftex.def Info: fig/allocation_policy_comparison_colored_values.png  used on input line 598.
(pdftex.def)             Requested size: 242.66675pt x 108.12022pt.

Underfull \vbox (badness 4144) has occurred while \output is active []

<fig/fft_plot.png, id=326, 1672.2475pt x 768.8725pt>
File: fig/fft_plot.png Graphic file (type png)
<use fig/fft_plot.png>
Package pdftex.def Info: fig/fft_plot.png  used on input line 617.
(pdftex.def)             Requested size: 242.66106pt x 108.11069pt.

Underfull \hbox (badness 1389) in paragraph at lines 621--622
|   []   |   []   |   []   |   []   |   []   |   []   |   []
 []

File: notaglineLogo.png Graphic file (type png)
<use notaglineLogo.png>
Package pdftex.def Info: notaglineLogo.png  used on input line 629.
(pdftex.def)             Requested size: 91.32pt x 23.1352pt.

Overfull \hbox (505.12177pt too wide) has occurred while \output is active
[]
 []


Overfull \hbox (505.12177pt too wide) has occurred while \output is active
[]
 []


Underfull \hbox (badness 10000) has occurred while \output is active
[]
 []

[9 <./fig/layout/waf_erase_count_graph/erase_count_distribution.png (PNG copy)> <./fig/allocation_policy_comparison_colored_values.png> <./fig/fft_plot.png (PNG copy)>]

Package xcolor Warning: Incompatible color definition on input line 633.

<fig/real_workload_analysis.png, id=344, 733.74126pt x 542.025pt>
File: fig/real_workload_analysis.png Graphic file (type png)
<use fig/real_workload_analysis.png>
Package pdftex.def Info: fig/real_workload_analysis.png  used on input line 641.
(pdftex.def)             Requested size: 181.84503pt x 142.26302pt.
<fig/layout/placement_comparison/tpcc_op_25.png, id=345, 446.66875pt x 1094.0875pt>
File: fig/layout/placement_comparison/tpcc_op_25.png Graphic file (type png)
<use fig/layout/placement_comparison/tpcc_op_25.png>
Package pdftex.def Info: fig/layout/placement_comparison/tpcc_op_25.png  used on input line 645.
(pdftex.def)             Requested size: 75.76228pt x 142.25305pt.
<fig/layout/placement_comparison/tpcc_op_10.png, id=346, 439.6425pt x 1089.06876pt>
File: fig/layout/placement_comparison/tpcc_op_10.png Graphic file (type png)
<use fig/layout/placement_comparison/tpcc_op_10.png>
Package pdftex.def Info: fig/layout/placement_comparison/tpcc_op_10.png  used on input line 649.
(pdftex.def)             Requested size: 75.76462pt x 142.24861pt.
<fig/layout/placement_comparison/msr_proxy_op_25.png, id=347, 441.65pt x 1088.065pt>
File: fig/layout/placement_comparison/msr_proxy_op_25.png Graphic file (type png)
<use fig/layout/placement_comparison/msr_proxy_op_25.png>
Package pdftex.def Info: fig/layout/placement_comparison/msr_proxy_op_25.png  used on input line 653.
(pdftex.def)             Requested size: 75.76015pt x 142.25034pt.
<fig/layout/placement_comparison/msr_proxy_op_10.png, id=348, 440.64626pt x 1091.07625pt>
File: fig/layout/placement_comparison/msr_proxy_op_10.png Graphic file (type png)
<use fig/layout/placement_comparison/msr_proxy_op_10.png>
Package pdftex.def Info: fig/layout/placement_comparison/msr_proxy_op_10.png  used on input line 658.
(pdftex.def)             Requested size: 75.76277pt x 142.2611pt.

Overfull \hbox (4.77309pt too wide) in paragraph at lines 641--659
 [][][][][][][][][][] 
 []


LaTeX Warning: `h' float specifier changed to `ht'.


Package xcolor Warning: Incompatible color definition on input line 683.

File: notaglineLogo.png Graphic file (type png)
<use notaglineLogo.png>
Package pdftex.def Info: notaglineLogo.png  used on input line 689.
(pdftex.def)             Requested size: 91.32pt x 23.1352pt.

Overfull \hbox (505.12177pt too wide) has occurred while \output is active
[]
 []


Overfull \hbox (505.12177pt too wide) has occurred while \output is active
[]
 []


Underfull \hbox (badness 10000) has occurred while \output is active
[]
 []

[10]
File: notaglineLogo.png Graphic file (type png)
<use notaglineLogo.png>
Package pdftex.def Info: notaglineLogo.png  used on input line 703.
(pdftex.def)             Requested size: 91.32pt x 23.1352pt.

Overfull \hbox (505.12177pt too wide) has occurred while \output is active
[]
 []


Overfull \hbox (505.12177pt too wide) has occurred while \output is active
[]
 []


Underfull \hbox (badness 10000) has occurred while \output is active
[]
 []

[11 <./fig/real_workload_analysis.png> <./fig/layout/placement_comparison/tpcc_op_25.png> <./fig/layout/placement_comparison/tpcc_op_10.png> <./fig/layout/placement_comparison/msr_proxy_op_25.png> <./fig/layout/placement_comparison/msr_proxy_op_10.png>]
Underfull \hbox (badness 10000) in paragraph at lines 714--714
[]\T1/ntxtlf/b/n/8 WL
 []


Overfull \hbox (3.2807pt too wide) in paragraph at lines 714--714
\T1/ntxtlf/b/n/8 (OPS%)| 
 []


Overfull \hbox (1.59337pt too wide) in paragraph at lines 714--714
[]\T1/ntxtlf/b/n/8 UR
 []


Overfull \hbox (3.36937pt too wide) in paragraph at lines 714--714
\T1/ntxtlf/b/n/8 (%)| 
 []


Underfull \hbox (badness 10000) in paragraph at lines 714--714
[]\T1/ntxtlf/b/n/8 IR
 []


Overfull \hbox (3.36937pt too wide) in paragraph at lines 714--714
\T1/ntxtlf/b/n/8 (%)| 
 []


Overfull \hbox (0.71336pt too wide) in paragraph at lines 714--714
[]\T1/ntxtlf/b/n/8 SQ
 []


Overfull \hbox (3.36937pt too wide) in paragraph at lines 714--714
\T1/ntxtlf/b/n/8 (%)| 
 []


Overfull \hbox (3.36937pt too wide) in paragraph at lines 714--714
\T1/ntxtlf/b/n/8 (%)| 
 []


Underfull \hbox (badness 10000) in paragraph at lines 714--714
[]\T1/ntxtlf/b/n/8 Closest
 []


Underfull \hbox (badness 10000) in paragraph at lines 714--714
[]\T1/ntxtlf/b/n/8 OBS
 []


Underfull \hbox (badness 10000) in paragraph at lines 714--715
[]\T1/ntxtlf/b/n/8 Synth.
 []


Underfull \hbox (badness 10000) in paragraph at lines 716--716
[]\T1/ntxtlf/m/n/8 TPC-C
 []


Overfull \hbox (4.04137pt too wide) in paragraph at lines 716--716
[]\T1/ntxtlf/m/n/8 75.3| 
 []


Overfull \hbox (4.04137pt too wide) in paragraph at lines 716--716
[]\T1/ntxtlf/m/n/8 10.2| 
 []


Overfull \hbox (4.04137pt too wide) in paragraph at lines 716--716
[]\T1/ntxtlf/m/n/8 12.1| 
 []


Underfull \hbox (badness 10000) in paragraph at lines 718--718
[]\T1/ntxtlf/m/n/8 TPC-C
 []


Overfull \hbox (4.04137pt too wide) in paragraph at lines 718--718
[]\T1/ntxtlf/m/n/8 68.7| 
 []


Overfull \hbox (4.04137pt too wide) in paragraph at lines 718--718
[]\T1/ntxtlf/m/n/8 19.4| 
 []


Underfull \hbox (badness 10000) in paragraph at lines 720--720
[]\T1/ntxtlf/m/n/8 TPC-C
 []


Overfull \hbox (4.04137pt too wide) in paragraph at lines 720--720
[]\T1/ntxtlf/m/n/8 62.3| 
 []


Overfull \hbox (4.04137pt too wide) in paragraph at lines 720--720
[]\T1/ntxtlf/m/n/8 29.2| 
 []


Underfull \hbox (badness 10000) in paragraph at lines 722--722
[]\T1/ntxtlf/m/n/8 TPC-C
 []


Overfull \hbox (4.04137pt too wide) in paragraph at lines 722--722
[]\T1/ntxtlf/m/n/8 50.3| 
 []


Overfull \hbox (4.04137pt too wide) in paragraph at lines 722--722
[]\T1/ntxtlf/m/n/8 43.9| 
 []


Underfull \hbox (badness 10000) in paragraph at lines 724--724
[]\T1/ntxtlf/m/n/8 TPC-C
 []


Overfull \hbox (4.04137pt too wide) in paragraph at lines 724--724
[]\T1/ntxtlf/m/n/8 36.2| 
 []


Overfull \hbox (4.04137pt too wide) in paragraph at lines 724--724
[]\T1/ntxtlf/m/n/8 62.2| 
 []


Underfull \hbox (badness 10000) in paragraph at lines 726--726
[]\T1/ntxtlf/m/n/8 prxy
 []


Overfull \hbox (4.04137pt too wide) in paragraph at lines 726--726
[]\T1/ntxtlf/m/n/8 11.9| 
 []


Overfull \hbox (4.04137pt too wide) in paragraph at lines 726--726
[]\T1/ntxtlf/m/n/8 78.2| 
 []


Underfull \hbox (badness 10000) in paragraph at lines 728--728
[]\T1/ntxtlf/m/n/8 prxy
 []


Overfull \hbox (4.04137pt too wide) in paragraph at lines 728--728
[]\T1/ntxtlf/m/n/8 13.5| 
 []


Overfull \hbox (4.04137pt too wide) in paragraph at lines 728--728
[]\T1/ntxtlf/m/n/8 75.3| 
 []


Underfull \hbox (badness 10000) in paragraph at lines 730--730
[]\T1/ntxtlf/m/n/8 prxy
 []


Overfull \hbox (4.04137pt too wide) in paragraph at lines 730--730
[]\T1/ntxtlf/m/n/8 50.9| 
 []


Overfull \hbox (4.04137pt too wide) in paragraph at lines 730--730
[]\T1/ntxtlf/m/n/8 41.2| 
 []


Underfull \hbox (badness 10000) in paragraph at lines 732--732
[]\T1/ntxtlf/m/n/8 prxy
 []


Overfull \hbox (4.04137pt too wide) in paragraph at lines 732--732
[]\T1/ntxtlf/m/n/8 83.6| 
 []


Underfull \hbox (badness 10000) in paragraph at lines 734--734
[]\T1/ntxtlf/m/n/8 prxy
 []


Overfull \hbox (4.04137pt too wide) in paragraph at lines 734--734
[]\T1/ntxtlf/m/n/8 89.8| 
 []

<fig/cluster_timestemp1.png, id=419, 92.345pt x 300.12125pt>
File: fig/cluster_timestemp1.png Graphic file (type png)
<use fig/cluster_timestemp1.png>
Package pdftex.def Info: fig/cluster_timestemp1.png  used on input line 756.
(pdftex.def)             Requested size: 36.39906pt x 113.80913pt.
<fig/cluster_timestemp2.png, id=420, 96.36pt x 304.13625pt>
File: fig/cluster_timestemp2.png Graphic file (type png)
<use fig/cluster_timestemp2.png>
Package pdftex.def Info: fig/cluster_timestemp2.png  used on input line 760.
(pdftex.def)             Requested size: 36.39955pt x 113.80948pt.
<fig/cluster_timestemp3.png, id=421, 94.3525pt x 303.1325pt>
File: fig/cluster_timestemp3.png Graphic file (type png)
<use fig/cluster_timestemp3.png>
Package pdftex.def Info: fig/cluster_timestemp3.png  used on input line 764.
(pdftex.def)             Requested size: 36.39851pt x 113.81317pt.
<fig/cluster_timestemp4.png, id=422, 94.3525pt x 287.0725pt>
File: fig/cluster_timestemp4.png Graphic file (type png)
<use fig/cluster_timestemp4.png>
Package pdftex.def Info: fig/cluster_timestemp4.png  used on input line 768.
(pdftex.def)             Requested size: 36.39851pt x 113.81071pt.
<fig/cluster_timestemp5.png, id=423, 91.34125pt x 389.455pt>
File: fig/cluster_timestemp5.png Graphic file (type png)
<use fig/cluster_timestemp5.png>
Package pdftex.def Info: fig/cluster_timestemp5.png  used on input line 772.
(pdftex.def)             Requested size: 36.39926pt x 113.80667pt.

LaTeX Warning: `h' float specifier changed to `ht'.


Package xcolor Warning: Incompatible color definition on input line 779.

File: notaglineLogo.png Graphic file (type png)
<use notaglineLogo.png>
Package pdftex.def Info: notaglineLogo.png  used on input line 783.
(pdftex.def)             Requested size: 91.32pt x 23.1352pt.

Overfull \hbox (505.12177pt too wide) has occurred while \output is active
[]
 []


Overfull \hbox (505.12177pt too wide) has occurred while \output is active
[]
 []


Underfull \hbox (badness 10000) has occurred while \output is active
[]
 []

[12 <./fig/cluster_timestemp1.png> <./fig/cluster_timestemp2.png> <./fig/cluster_timestemp3.png> <./fig/cluster_timestemp4.png> <./fig/cluster_timestemp5.png>]
Overfull \hbox (6.24991pt too wide) in paragraph at lines 797--797
[]\T1/ntxtlf/b/n/8 No.| 
 []


Overfull \hbox (4.5761pt too wide) in paragraph at lines 797--797
[]\T1/ntxtlf/b/n/8 Fig.| 
 []


Underfull \hbox (badness 10000) in paragraph at lines 797--797
[]\T1/ntxtlf/b/n/8 What It
 []


Overfull \hbox (4.01608pt too wide) in paragraph at lines 799--799
[]\T1/ntxtlf/m/n/8 Fig.
 []


Overfull \hbox (1.6801pt too wide) in paragraph at lines 799--799
[]\T1/ntxtlf/m/n/8 3a[]-
 []


Underfull \hbox (badness 10000) in paragraph at lines 799--799
[]\T1/ntxtlf/m/n/8 Data
 []


Underfull \hbox (badness 10000) in paragraph at lines 799--799
\T1/ntxtlf/m/n/8 place-ment
 []


Underfull \hbox (badness 10000) in paragraph at lines 799--799
\T1/ntxtlf/m/n/8 at GC
 []


Underfull \hbox (badness 10000) in paragraph at lines 799--799
\T1/ntxtlf/m/n/8 thresh-old
 []


Underfull \hbox (badness 10000) in paragraph at lines 799--799
\T1/ntxtlf/m/n/8 and af-ter
 []


Underfull \hbox (badness 10000) in paragraph at lines 799--799
[]\T1/ntxtlf/m/n/8 Page
 []


Underfull \hbox (badness 10000) in paragraph at lines 799--799
\T1/ntxtlf/m/n/8 va-lid-ity
 []


Underfull \hbox (badness 10000) in paragraph at lines 799--799
\T1/ntxtlf/m/n/8 dur-
 []


Underfull \hbox (badness 10000) in paragraph at lines 799--799
\T1/ntxtlf/m/n/8 ing/after
 []


Underfull \hbox (badness 2547) in paragraph at lines 799--799
\T1/ntxtlf/m/n/8 Seq: bal-anced;
 []


Underfull \hbox (badness 10000) in paragraph at lines 799--799
\T1/ntxtlf/m/n/8 wear-leveling
 []


Underfull \hbox (badness 10000) in paragraph at lines 799--800
[]\T1/ntxtlf/m/n/8 Visualize
 []


Underfull \hbox (badness 10000) in paragraph at lines 799--800
\T1/ntxtlf/m/n/8 work-load
 []


Overfull \hbox (4.01608pt too wide) in paragraph at lines 801--801
[]\T1/ntxtlf/m/n/8 Fig.
 []


Underfull \hbox (badness 10000) in paragraph at lines 801--801
[]\T1/ntxtlf/m/n/8 Fourier
 []


Underfull \hbox (badness 10000) in paragraph at lines 801--801
\T1/ntxtlf/m/n/8 trans-form
 []


Underfull \hbox (badness 10000) in paragraph at lines 801--801
\T1/ntxtlf/m/n/8 of erase
 []


Underfull \hbox (badness 10000) in paragraph at lines 801--801
[]\T1/ntxtlf/m/n/8 Hidden
 []


Underfull \hbox (badness 10000) in paragraph at lines 801--801
\T1/ntxtlf/m/n/8 pe-ri-odic
 []


Underfull \hbox (badness 10000) in paragraph at lines 801--801
\T1/ntxtlf/m/n/8 wear-
 []


Underfull \hbox (badness 10000) in paragraph at lines 801--801
\T1/ntxtlf/m/n/8 leveling
 []


Underfull \hbox (badness 10000) in paragraph at lines 801--801
[]\T1/ntxtlf/m/n/8 S1/S4 best
 []


Underfull \hbox (badness 6477) in paragraph at lines 801--801
\T1/ntxtlf/m/n/8 for se-quen-tial;
 []


Underfull \hbox (badness 10000) in paragraph at lines 801--801
\T1/ntxtlf/m/n/8 S3 best for
 []


Underfull \hbox (badness 4279) in paragraph at lines 801--801
\T1/ntxtlf/m/n/8 Zipf; S5 best
 []


Underfull \hbox (badness 10000) in paragraph at lines 801--801
\T1/ntxtlf/m/n/8 for uni-form
 []


Underfull \hbox (badness 10000) in paragraph at lines 801--802
[]\T1/ntxtlf/m/n/8 Compare
 []


Underfull \hbox (badness 10000) in paragraph at lines 801--802
\T1/ntxtlf/m/n/8 al-lo-ca-tion
 []


Underfull \hbox (badness 10000) in paragraph at lines 801--802
\T1/ntxtlf/m/n/8 pol-icy
 []


Overfull \hbox (4.01608pt too wide) in paragraph at lines 803--803
[]\T1/ntxtlf/m/n/8 Fig.
 []


Underfull \hbox (badness 10000) in paragraph at lines 803--803
\T1/ntxtlf/m/n/8 dis-tri-bu-tion
 []


Underfull \hbox (badness 10000) in paragraph at lines 803--803
\T1/ntxtlf/m/n/8 prxy with
 []


Underfull \hbox (badness 10000) in paragraph at lines 803--803
\T1/ntxtlf/m/n/8 OPS 10%
 []


Underfull \hbox (badness 10000) in paragraph at lines 803--803
[]\T1/ntxtlf/m/n/8 Effect
 []


Underfull \hbox (badness 10000) in paragraph at lines 803--803
[]\T1/ntxtlf/m/n/8 High DoIPD:
 []


Underfull \hbox (badness 10000) in paragraph at lines 803--803
\T1/ntxtlf/m/n/8 DoIPD: bet-ter
 []


Underfull \hbox (badness 10000) in paragraph at lines 803--804
[]\T1/ntxtlf/m/n/8 Trade-off:
 []


Underfull \hbox (badness 10000) in paragraph at lines 803--804
\T1/ntxtlf/m/n/8 per-for-
 []


Overfull \hbox (4.01608pt too wide) in paragraph at lines 805--805
[]\T1/ntxtlf/m/n/8 Fig.
 []


Overfull \hbox (2.1281pt too wide) in paragraph at lines 805--805
[]\T1/ntxtlf/m/n/8 9b[]-
 []


Underfull \hbox (badness 7907) in paragraph at lines 805--805
[]\T1/ntxtlf/m/n/8 Layouts of
 []


Underfull \hbox (badness 10000) in paragraph at lines 805--805
\T1/ntxtlf/m/n/8 valid/in-valid
 []


Overfull \hbox (0.87526pt too wide) in paragraph at lines 805--805
[]\T1/ntxtlf/m/n/8 Compare
 []


Underfull \hbox (badness 10000) in paragraph at lines 805--805
\T1/ntxtlf/m/n/8 data
 []


Underfull \hbox (badness 10000) in paragraph at lines 805--805
\T1/ntxtlf/m/n/8 clus-
 []


Underfull \hbox (badness 10000) in paragraph at lines 805--805
\T1/ntxtlf/m/n/8 ter-ing
 []


Underfull \hbox (badness 10000) in paragraph at lines 805--805
\T1/ntxtlf/m/n/8 across
 []


Underfull \hbox (badness 10000) in paragraph at lines 805--805
\T1/ntxtlf/m/n/8 work-
 []


Underfull \hbox (badness 10000) in paragraph at lines 805--805
[]\T1/ntxtlf/m/n/8 Clustering:
 []


Underfull \hbox (badness 10000) in paragraph at lines 805--805
\T1/ntxtlf/m/n/8 helps GC
 []


Underfull \hbox (badness 10000) in paragraph at lines 805--805
\T1/ntxtlf/m/n/8 but hurts
 []


Underfull \hbox (badness 10000) in paragraph at lines 805--805
\T1/ntxtlf/m/n/8 wear-leveling;
 []


Underfull \hbox (badness 10000) in paragraph at lines 805--805
\T1/ntxtlf/m/n/8 Uni-for-mity:
 []


Underfull \hbox (badness 10000) in paragraph at lines 805--805
\T1/ntxtlf/m/n/8 helps wear-
 []


Underfull \hbox (badness 10000) in paragraph at lines 805--805
\T1/ntxtlf/m/n/8 leveling but
 []


Underfull \hbox (badness 10000) in paragraph at lines 805--806
[]\T1/ntxtlf/m/n/8 Demons-
 []


Underfull \hbox (badness 10000) in paragraph at lines 805--806
\T1/ntxtlf/m/n/8 trates
 []


Underfull \hbox (badness 10000) in paragraph at lines 805--806
\T1/ntxtlf/m/n/8 OPS
 []


Underfull \hbox (badness 10000) in paragraph at lines 805--806
\T1/ntxtlf/m/n/8 im-pact
 []


Underfull \hbox (badness 10000) in paragraph at lines 805--806
\T1/ntxtlf/m/n/8 in real
 []


Package xcolor Warning: Incompatible color definition on input line 810.

File: notaglineLogo.png Graphic file (type png)
<use notaglineLogo.png>
Package pdftex.def Info: notaglineLogo.png  used on input line 826.
(pdftex.def)             Requested size: 91.32pt x 23.1352pt.

Overfull \hbox (505.12177pt too wide) has occurred while \output is active
[]
 []


Overfull \hbox (505.12177pt too wide) has occurred while \output is active
[]
 []


Underfull \hbox (badness 10000) has occurred while \output is active
[]
 []

[13]
<fig/latency_comparison_femu_vs_eyana.png, id=464, 867.24pt x 433.62pt>
File: fig/latency_comparison_femu_vs_eyana.png Graphic file (type png)
<use fig/latency_comparison_femu_vs_eyana.png>
Package pdftex.def Info: fig/latency_comparison_femu_vs_eyana.png  used on input line 831.
(pdftex.def)             Requested size: 242.66675pt x 108.12022pt.

Underfull \hbox (badness 7925) in paragraph at lines 832--832
[]\T1/ntxtlf/n/n/10 FIGURE 11: |[]Read[] [][][]la[]-[]tency[] [][][]dis[]-[]tri[]-[]bu[]-[]tion[] [][][]com[]-[]par[]-[]ing
 []

<fig/waf_comparison_workloads_10_25.png, id=465, 867.24pt x 433.62pt>
File: fig/waf_comparison_workloads_10_25.png Graphic file (type png)
<use fig/waf_comparison_workloads_10_25.png>
Package pdftex.def Info: fig/waf_comparison_workloads_10_25.png  used on input line 838.
(pdftex.def)             Requested size: 242.66675pt x 108.12022pt.

Package xcolor Warning: Incompatible color definition on input line 843.


Package xcolor Warning: Incompatible color definition on input line 848.


Package xcolor Warning: Incompatible color definition on input line 852.

Excluding 'comment' comment. (./access.bbl

Package xcolor Warning: Incompatible color definition on input line 2.

LaTeX Font Info:    Font shape `T1/ntxtlf/n/n' will be
(Font)              scaled to size 7.61pt on input line 2.

LaTeX Font Warning: Font shape `T1/ntxtlf/n/it' undefined
(Font)              using `T1/ntxtlf/n/n' instead on input line 25.

LaTeX Font Info:    Calculating math sizes for size <7.61> on input line 25.
LaTeX Font Info:    Font shape `T1/ntxtlf/n/it' will be
(Font)              scaled to size 7.61pt on input line 29.
LaTeX Font Info:    Font shape `T1/ntxtlf/m/n' will be
(Font)              scaled to size 7.61pt on input line 54.
File: notaglineLogo.png Graphic file (type png)
<use notaglineLogo.png>
Package pdftex.def Info: notaglineLogo.png  used on input line 54.
(pdftex.def)             Requested size: 91.32pt x 23.1352pt.

Overfull \hbox (505.12177pt too wide) has occurred while \output is active
[]
 []


Overfull \hbox (505.12177pt too wide) has occurred while \output is active
[]
 []


Underfull \hbox (badness 10000) has occurred while \output is active
[]
 []

[14 <./fig/latency_comparison_femu_vs_eyana.png> <./fig/waf_comparison_workloads_10_25.png>])
LaTeX Font Info:    Font shape `T1/ntxtlf/n/n' will be
(Font)              scaled to size 8.0pt on input line 872.


Package hyperref Warning: The anchor of a bookmark and its parent's must not
(hyperref)                be the same. Added a new anchor on input line 872.

<fig/authors/habib.jpg, id=496, 3254.1575pt x 3775.10374pt>
File: fig/authors/habib.jpg Graphic file (type jpg)
<use fig/authors/habib.jpg>
Package pdftex.def Info: fig/authors/habib.jpg  used on input line 872.
(pdftex.def)             Requested size: 72.24712pt x 83.8129pt.
File: fig/authors/habib.jpg Graphic file (type jpg)
<use fig/authors/habib.jpg>
Package pdftex.def Info: fig/authors/habib.jpg  used on input line 872.
(pdftex.def)             Requested size: 72.24712pt x 83.8129pt.
LaTeX Font Info:    Font shape `T1/qhv/n/n' will be
(Font)              scaled to size 7.52002pt on input line 872.
LaTeX Font Info:    Font shape `T1/qhv/m/n' will be
(Font)              scaled to size 7.52002pt on input line 872.
<fig/authors/omar_faroque.jpg, id=499, 286.06876pt x 286.06876pt>
File: fig/authors/omar_faroque.jpg Graphic file (type jpg)
<use fig/authors/omar_faroque.jpg>
Package pdftex.def Info: fig/authors/omar_faroque.jpg  used on input line 882.
(pdftex.def)             Requested size: 72.26779pt x 72.26779pt.
File: fig/authors/omar_faroque.jpg Graphic file (type jpg)
<use fig/authors/omar_faroque.jpg>
Package pdftex.def Info: fig/authors/omar_faroque.jpg  used on input line 882.
(pdftex.def)             Requested size: 72.26779pt x 72.26779pt.
File: notaglineLogo.png Graphic file (type png)
<use notaglineLogo.png>
Package pdftex.def Info: notaglineLogo.png  used on input line 890.
(pdftex.def)             Requested size: 91.32pt x 23.1352pt.

Overfull \hbox (505.12177pt too wide) has occurred while \output is active
[]
 []


Overfull \hbox (505.12177pt too wide) has occurred while \output is active
[]
 []


Underfull \hbox (badness 10000) has occurred while \output is active
[]
 []

[15 <./fig/authors/habib.jpg> <./fig/authors/omar_faroque.jpg>]
<fig/authors/moonseok.jpg, id=510, 85.2786pt x 113.7048pt>
File: fig/authors/moonseok.jpg Graphic file (type jpg)
<use fig/authors/moonseok.jpg>
Package pdftex.def Info: fig/authors/moonseok.jpg  used on input line 890.
(pdftex.def)             Requested size: 67.75319pt x 90.33762pt.
File: fig/authors/moonseok.jpg Graphic file (type jpg)
<use fig/authors/moonseok.jpg>
Package pdftex.def Info: fig/authors/moonseok.jpg  used on input line 890.
(pdftex.def)             Requested size: 67.75319pt x 90.33762pt.
<fig/authors/jaehokim.jpeg, id=513, 1204.5pt x 1505.625pt>
File: fig/authors/jaehokim.jpeg Graphic file (type jpg)
<use fig/authors/jaehokim.jpeg>
Package pdftex.def Info: fig/authors/jaehokim.jpeg  used on input line 895.
(pdftex.def)             Requested size: 72.26688pt x 90.3336pt.
File: fig/authors/jaehokim.jpeg Graphic file (type jpg)
<use fig/authors/jaehokim.jpeg>
Package pdftex.def Info: fig/authors/jaehokim.jpeg  used on input line 895.
(pdftex.def)             Requested size: 72.26688pt x 90.3336pt.
File: bullet.png Graphic file (type png)
<use bullet.png>
Package pdftex.def Info: bullet.png  used on input line 899.
(pdftex.def)             Requested size: 5.0pt x 14.6871pt.
File: notaglineLogo.png Graphic file (type png)
<use notaglineLogo.png>
Package pdftex.def Info: notaglineLogo.png  used on input line 901.
(pdftex.def)             Requested size: 91.32pt x 23.1352pt.

Overfull \hbox (505.12177pt too wide) has occurred while \output is active
[]
 []


Overfull \hbox (505.12177pt too wide) has occurred while \output is active
[]
 []


Underfull \hbox (badness 10000) has occurred while \output is active
[]
 []

[16

 <./fig/authors/moonseok.jpg> <./fig/authors/jaehokim.jpeg>] (./access.aux)
 ***********
LaTeX2e <2023-11-01> patch level 1
L3 programming layer <2020/03/25>
 ***********


LaTeX Font Warning: Some font shapes were not available, defaults substituted.

Package rerunfilecheck Info: File `access.out' has not changed.
(rerunfilecheck)             Checksum: 74C852325691970DA317F1B557BA817A;6129.
 ) 
Here is how much of TeX's memory you used:
 19261 strings out of 476106
 302457 string characters out of 5793933
 2126975 words of memory out of 5000000
 40824 multiletter control sequences out of 15000+600000
 831940 words of font info for 290 fonts, out of 8000000 for 9000
 59 hyphenation exceptions out of 8191
 90i,23n,136p,1763b,661s stack positions out of 10000i,1000n,20000p,200000b,200000s

pdfTeX warning (dest): name{section*.21} has been referenced but does not exist, replaced by a fixed one

</usr/share/texlive/texmf-dist/fonts/type1/public/newtx/NewTXMI.pfb></usr/share/texlive/texmf-dist/fonts/type1/public/newtx/NewTXMI5.pfb></usr/share/texlive/texmf-dist/fonts/type1/public/newtx/NewTXMI7.pfb></usr/share/texmf/fonts/type1/public/tex-gyre/qhvb.pfb></usr/share/texmf/fonts/type1/public/tex-gyre/qhvbi.pfb></usr/share/texmf/fonts/type1/public/tex-gyre/qhvr.pfb></usr/share/texmf/fonts/type1/public/tex-gyre/qhvri.pfb></usr/share/texlive/texmf-dist/fonts/type1/public/txfonts/t1xtt.pfb></usr/share/texlive/texmf-dist/fonts/type1/public/newtx/txexs.pfb></usr/share/texlive/texmf-dist/fonts/type1/public/newtx/txmiaX.pfb></usr/share/texlive/texmf-dist/fonts/type1/public/newtx/txsys.pfb></usr/share/texlive/texmf-dist/fonts/type1/public/newtx/ztmb.pfb></usr/share/texlive/texmf-dist/fonts/type1/public/newtx/ztmr.pfb></usr/share/texlive/texmf-dist/fonts/type1/public/newtx/ztmri.pfb>
Output written on access.pdf (16 pages, 4166383 bytes).
PDF statistics:
 615 PDF objects out of 1000 (max. 8388607)
 501 compressed objects within 6 object streams
 115 named destinations out of 1000 (max. 500000)
 438 words of extra memory for PDF output out of 10000 (max. 10000000)

